<?xml version="1.0" encoding="UTF-8"?>
<testsuite xmlns:xsi="http://www.w3.org/2001/XMLSchema-instance" xsi:noNamespaceSchemaLocation="https://maven.apache.org/surefire/maven-surefire-plugin/xsd/surefire-test-report-3.0.xsd" version="3.0" name="org.springframework.samples.petclinic.PostgresIntegrationTests" time="52.871" tests="2" errors="0" skipped="0" failures="0">
  <properties>
    <property name="git.tags" value=""/>
    <property name="java.specification.version" value="17"/>
    <property name="sun.cpu.isalist" value="amd64"/>
    <property name="sun.jnu.encoding" value="Cp1252"/>
    <property name="git.build.version" value="3.3.0-SNAPSHOT"/>
    <property name="java.class.path" value="D:\PROJECT\Gitclone\springpetclinicdocker\target\test-classes;D:\PROJECT\Gitclone\springpetclinicdocker\target\classes;C:\Users\dungh\.m2\repository\org\springframework\boot\spring-boot-starter-actuator\3.3.0\spring-boot-starter-actuator-3.3.0.jar;C:\Users\dungh\.m2\repository\org\springframework\boot\spring-boot-starter\3.3.0\spring-boot-starter-3.3.0.jar;C:\Users\dungh\.m2\repository\org\springframework\boot\spring-boot-starter-logging\3.3.0\spring-boot-starter-logging-3.3.0.jar;C:\Users\dungh\.m2\repository\ch\qos\logback\logback-classic\1.5.6\logback-classic-1.5.6.jar;C:\Users\dungh\.m2\repository\ch\qos\logback\logback-core\1.5.6\logback-core-1.5.6.jar;C:\Users\dungh\.m2\repository\org\apache\logging\log4j\log4j-to-slf4j\2.23.1\log4j-to-slf4j-2.23.1.jar;C:\Users\dungh\.m2\repository\org\apache\logging\log4j\log4j-api\2.23.1\log4j-api-2.23.1.jar;C:\Users\dungh\.m2\repository\org\slf4j\jul-to-slf4j\2.0.13\jul-to-slf4j-2.0.13.jar;C:\Users\dungh\.m2\repository\jakarta\annotation\jakarta.annotation-api\2.1.1\jakarta.annotation-api-2.1.1.jar;C:\Users\dungh\.m2\repository\org\yaml\snakeyaml\2.2\snakeyaml-2.2.jar;C:\Users\dungh\.m2\repository\org\springframework\boot\spring-boot-actuator-autoconfigure\3.3.0\spring-boot-actuator-autoconfigure-3.3.0.jar;C:\Users\dungh\.m2\repository\org\springframework\boot\spring-boot-actuator\3.3.0\spring-boot-actuator-3.3.0.jar;C:\Users\dungh\.m2\repository\com\fasterxml\jackson\datatype\jackson-datatype-jsr310\2.17.1\jackson-datatype-jsr310-2.17.1.jar;C:\Users\dungh\.m2\repository\io\micrometer\micrometer-observation\1.13.0\micrometer-observation-1.13.0.jar;C:\Users\dungh\.m2\repository\io\micrometer\micrometer-commons\1.13.0\micrometer-commons-1.13.0.jar;C:\Users\dungh\.m2\repository\io\micrometer\micrometer-jakarta9\1.13.0\micrometer-jakarta9-1.13.0.jar;C:\Users\dungh\.m2\repository\io\micrometer\micrometer-core\1.13.0\micrometer-core-1.13.0.jar;C:\Users\dungh\.m2\repository\org\hdrhistogram\HdrHistogram\2.2.1\HdrHistogram-2.2.1.jar;C:\Users\dungh\.m2\repository\org\latencyutils\LatencyUtils\2.0.3\LatencyUtils-2.0.3.jar;C:\Users\dungh\.m2\repository\org\springframework\boot\spring-boot-starter-cache\3.3.0\spring-boot-starter-cache-3.3.0.jar;C:\Users\dungh\.m2\repository\org\springframework\spring-context-support\6.1.8\spring-context-support-6.1.8.jar;C:\Users\dungh\.m2\repository\org\springframework\spring-beans\6.1.8\spring-beans-6.1.8.jar;C:\Users\dungh\.m2\repository\org\springframework\spring-context\6.1.8\spring-context-6.1.8.jar;C:\Users\dungh\.m2\repository\org\springframework\boot\spring-boot-starter-data-jpa\3.3.0\spring-boot-starter-data-jpa-3.3.0.jar;C:\Users\dungh\.m2\repository\org\springframework\boot\spring-boot-starter-aop\3.3.0\spring-boot-starter-aop-3.3.0.jar;C:\Users\dungh\.m2\repository\org\springframework\spring-aop\6.1.8\spring-aop-6.1.8.jar;C:\Users\dungh\.m2\repository\org\aspectj\aspectjweaver\1.9.22\aspectjweaver-1.9.22.jar;C:\Users\dungh\.m2\repository\org\springframework\boot\spring-boot-starter-jdbc\3.3.0\spring-boot-starter-jdbc-3.3.0.jar;C:\Users\dungh\.m2\repository\com\zaxxer\HikariCP\5.1.0\HikariCP-5.1.0.jar;C:\Users\dungh\.m2\repository\org\springframework\spring-jdbc\6.1.8\spring-jdbc-6.1.8.jar;C:\Users\dungh\.m2\repository\org\hibernate\orm\hibernate-core\6.5.2.Final\hibernate-core-6.5.2.Final.jar;C:\Users\dungh\.m2\repository\jakarta\persistence\jakarta.persistence-api\3.1.0\jakarta.persistence-api-3.1.0.jar;C:\Users\dungh\.m2\repository\jakarta\transaction\jakarta.transaction-api\2.0.1\jakarta.transaction-api-2.0.1.jar;C:\Users\dungh\.m2\repository\org\jboss\logging\jboss-logging\3.5.3.Final\jboss-logging-3.5.3.Final.jar;C:\Users\dungh\.m2\repository\org\hibernate\common\hibernate-commons-annotations\6.0.6.Final\hibernate-commons-annotations-6.0.6.Final.jar;C:\Users\dungh\.m2\repository\io\smallrye\jandex\3.1.2\jandex-3.1.2.jar;C:\Users\dungh\.m2\repository\com\fasterxml\classmate\1.7.0\classmate-1.7.0.jar;C:\Users\dungh\.m2\repository\net\bytebuddy\byte-buddy\1.14.16\byte-buddy-1.14.16.jar;C:\Users\dungh\.m2\repository\org\glassfish\jaxb\jaxb-runtime\4.0.5\jaxb-runtime-4.0.5.jar;C:\Users\dungh\.m2\repository\org\glassfish\jaxb\jaxb-core\4.0.5\jaxb-core-4.0.5.jar;C:\Users\dungh\.m2\repository\org\eclipse\angus\angus-activation\2.0.2\angus-activation-2.0.2.jar;C:\Users\dungh\.m2\repository\org\glassfish\jaxb\txw2\4.0.5\txw2-4.0.5.jar;C:\Users\dungh\.m2\repository\com\sun\istack\istack-commons-runtime\4.1.2\istack-commons-runtime-4.1.2.jar;C:\Users\dungh\.m2\repository\jakarta\inject\jakarta.inject-api\2.0.1\jakarta.inject-api-2.0.1.jar;C:\Users\dungh\.m2\repository\org\antlr\antlr4-runtime\4.13.0\antlr4-runtime-4.13.0.jar;C:\Users\dungh\.m2\repository\org\springframework\data\spring-data-jpa\3.3.0\spring-data-jpa-3.3.0.jar;C:\Users\dungh\.m2\repository\org\springframework\data\spring-data-commons\3.3.0\spring-data-commons-3.3.0.jar;C:\Users\dungh\.m2\repository\org\springframework\spring-orm\6.1.8\spring-orm-6.1.8.jar;C:\Users\dungh\.m2\repository\org\springframework\spring-tx\6.1.8\spring-tx-6.1.8.jar;C:\Users\dungh\.m2\repository\org\slf4j\slf4j-api\2.0.13\slf4j-api-2.0.13.jar;C:\Users\dungh\.m2\repository\org\springframework\spring-aspects\6.1.8\spring-aspects-6.1.8.jar;C:\Users\dungh\.m2\repository\org\springframework\boot\spring-boot-starter-web\3.3.0\spring-boot-starter-web-3.3.0.jar;C:\Users\dungh\.m2\repository\org\springframework\boot\spring-boot-starter-json\3.3.0\spring-boot-starter-json-3.3.0.jar;C:\Users\dungh\.m2\repository\com\fasterxml\jackson\datatype\jackson-datatype-jdk8\2.17.1\jackson-datatype-jdk8-2.17.1.jar;C:\Users\dungh\.m2\repository\org\springframework\boot\spring-boot-starter-tomcat\3.3.0\spring-boot-starter-tomcat-3.3.0.jar;C:\Users\dungh\.m2\repository\org\apache\tomcat\embed\tomcat-embed-core\10.1.24\tomcat-embed-core-10.1.24.jar;C:\Users\dungh\.m2\repository\org\apache\tomcat\embed\tomcat-embed-websocket\10.1.24\tomcat-embed-websocket-10.1.24.jar;C:\Users\dungh\.m2\repository\org\springframework\spring-web\6.1.8\spring-web-6.1.8.jar;C:\Users\dungh\.m2\repository\org\springframework\spring-webmvc\6.1.8\spring-webmvc-6.1.8.jar;C:\Users\dungh\.m2\repository\org\springframework\spring-expression\6.1.8\spring-expression-6.1.8.jar;C:\Users\dungh\.m2\repository\org\springframework\boot\spring-boot-starter-validation\3.3.0\spring-boot-starter-validation-3.3.0.jar;C:\Users\dungh\.m2\repository\org\apache\tomcat\embed\tomcat-embed-el\10.1.24\tomcat-embed-el-10.1.24.jar;C:\Users\dungh\.m2\repository\org\hibernate\validator\hibernate-validator\8.0.1.Final\hibernate-validator-8.0.1.Final.jar;C:\Users\dungh\.m2\repository\jakarta\validation\jakarta.validation-api\3.0.2\jakarta.validation-api-3.0.2.jar;C:\Users\dungh\.m2\repository\org\springframework\boot\spring-boot-starter-thymeleaf\3.3.0\spring-boot-starter-thymeleaf-3.3.0.jar;C:\Users\dungh\.m2\repository\org\thymeleaf\thymeleaf-spring6\3.1.2.RELEASE\thymeleaf-spring6-3.1.2.RELEASE.jar;C:\Users\dungh\.m2\repository\org\thymeleaf\thymeleaf\3.1.2.RELEASE\thymeleaf-3.1.2.RELEASE.jar;C:\Users\dungh\.m2\repository\org\attoparser\attoparser\2.0.7.RELEASE\attoparser-2.0.7.RELEASE.jar;C:\Users\dungh\.m2\repository\org\unbescape\unbescape\1.1.6.RELEASE\unbescape-1.1.6.RELEASE.jar;C:\Users\dungh\.m2\repository\org\springframework\boot\spring-boot-starter-test\3.3.0\spring-boot-starter-test-3.3.0.jar;C:\Users\dungh\.m2\repository\org\springframework\boot\spring-boot-test\3.3.0\spring-boot-test-3.3.0.jar;C:\Users\dungh\.m2\repository\org\springframework\boot\spring-boot-test-autoconfigure\3.3.0\spring-boot-test-autoconfigure-3.3.0.jar;C:\Users\dungh\.m2\repository\com\jayway\jsonpath\json-path\2.9.0\json-path-2.9.0.jar;C:\Users\dungh\.m2\repository\net\minidev\json-smart\2.5.1\json-smart-2.5.1.jar;C:\Users\dungh\.m2\repository\net\minidev\accessors-smart\2.5.1\accessors-smart-2.5.1.jar;C:\Users\dungh\.m2\repository\org\ow2\asm\asm\9.6\asm-9.6.jar;C:\Users\dungh\.m2\repository\org\assertj\assertj-core\3.25.3\assertj-core-3.25.3.jar;C:\Users\dungh\.m2\repository\org\awaitility\awaitility\4.2.1\awaitility-4.2.1.jar;C:\Users\dungh\.m2\repository\org\hamcrest\hamcrest\2.2\hamcrest-2.2.jar;C:\Users\dungh\.m2\repository\org\junit\jupiter\junit-jupiter\5.10.2\junit-jupiter-5.10.2.jar;C:\Users\dungh\.m2\repository\org\junit\jupiter\junit-jupiter-api\5.10.2\junit-jupiter-api-5.10.2.jar;C:\Users\dungh\.m2\repository\org\opentest4j\opentest4j\1.3.0\opentest4j-1.3.0.jar;C:\Users\dungh\.m2\repository\org\junit\platform\junit-platform-commons\1.10.2\junit-platform-commons-1.10.2.jar;C:\Users\dungh\.m2\repository\org\apiguardian\apiguardian-api\1.1.2\apiguardian-api-1.1.2.jar;C:\Users\dungh\.m2\repository\org\junit\jupiter\junit-jupiter-params\5.10.2\junit-jupiter-params-5.10.2.jar;C:\Users\dungh\.m2\repository\org\junit\jupiter\junit-jupiter-engine\5.10.2\junit-jupiter-engine-5.10.2.jar;C:\Users\dungh\.m2\repository\org\junit\platform\junit-platform-engine\1.10.2\junit-platform-engine-1.10.2.jar;C:\Users\dungh\.m2\repository\org\mockito\mockito-core\5.11.0\mockito-core-5.11.0.jar;C:\Users\dungh\.m2\repository\net\bytebuddy\byte-buddy-agent\1.14.16\byte-buddy-agent-1.14.16.jar;C:\Users\dungh\.m2\repository\org\objenesis\objenesis\3.3\objenesis-3.3.jar;C:\Users\dungh\.m2\repository\org\mockito\mockito-junit-jupiter\5.11.0\mockito-junit-jupiter-5.11.0.jar;C:\Users\dungh\.m2\repository\org\skyscreamer\jsonassert\1.5.1\jsonassert-1.5.1.jar;C:\Users\dungh\.m2\repository\com\vaadin\external\google\android-json\0.0.20131108.vaadin1\android-json-0.0.20131108.vaadin1.jar;C:\Users\dungh\.m2\repository\org\springframework\spring-core\6.1.8\spring-core-6.1.8.jar;C:\Users\dungh\.m2\repository\org\springframework\spring-jcl\6.1.8\spring-jcl-6.1.8.jar;C:\Users\dungh\.m2\repository\org\springframework\spring-test\6.1.8\spring-test-6.1.8.jar;C:\Users\dungh\.m2\repository\org\xmlunit\xmlunit-core\2.9.1\xmlunit-core-2.9.1.jar;C:\Users\dungh\.m2\repository\com\h2database\h2\2.2.224\h2-2.2.224.jar;C:\Users\dungh\.m2\repository\com\mysql\mysql-connector-j\8.3.0\mysql-connector-j-8.3.0.jar;C:\Users\dungh\.m2\repository\org\postgresql\postgresql\42.7.3\postgresql-42.7.3.jar;C:\Users\dungh\.m2\repository\org\checkerframework\checker-qual\3.42.0\checker-qual-3.42.0.jar;C:\Users\dungh\.m2\repository\javax\cache\cache-api\1.1.1\cache-api-1.1.1.jar;C:\Users\dungh\.m2\repository\com\github\ben-manes\caffeine\caffeine\3.1.8\caffeine-3.1.8.jar;C:\Users\dungh\.m2\repository\com\google\errorprone\error_prone_annotations\2.21.1\error_prone_annotations-2.21.1.jar;C:\Users\dungh\.m2\repository\org\webjars\npm\bootstrap\5.3.3\bootstrap-5.3.3.jar;C:\Users\dungh\.m2\repository\org\webjars\npm\font-awesome\4.7.0\font-awesome-4.7.0.jar;C:\Users\dungh\.m2\repository\org\springframework\boot\spring-boot-devtools\3.3.0\spring-boot-devtools-3.3.0.jar;C:\Users\dungh\.m2\repository\org\springframework\boot\spring-boot\3.3.0\spring-boot-3.3.0.jar;C:\Users\dungh\.m2\repository\org\springframework\boot\spring-boot-autoconfigure\3.3.0\spring-boot-autoconfigure-3.3.0.jar;C:\Users\dungh\.m2\repository\org\springframework\boot\spring-boot-testcontainers\3.3.0\spring-boot-testcontainers-3.3.0.jar;C:\Users\dungh\.m2\repository\org\testcontainers\testcontainers\1.19.8\testcontainers-1.19.8.jar;C:\Users\dungh\.m2\repository\junit\junit\4.13.2\junit-4.13.2.jar;C:\Users\dungh\.m2\repository\org\hamcrest\hamcrest-core\2.2\hamcrest-core-2.2.jar;C:\Users\dungh\.m2\repository\org\apache\commons\commons-compress\1.24.0\commons-compress-1.24.0.jar;C:\Users\dungh\.m2\repository\org\rnorth\duct-tape\duct-tape\1.0.8\duct-tape-1.0.8.jar;C:\Users\dungh\.m2\repository\org\jetbrains\annotations\17.0.0\annotations-17.0.0.jar;C:\Users\dungh\.m2\repository\com\github\docker-java\docker-java-api\3.3.6\docker-java-api-3.3.6.jar;C:\Users\dungh\.m2\repository\com\github\docker-java\docker-java-transport-zerodep\3.3.6\docker-java-transport-zerodep-3.3.6.jar;C:\Users\dungh\.m2\repository\com\github\docker-java\docker-java-transport\3.3.6\docker-java-transport-3.3.6.jar;C:\Users\dungh\.m2\repository\net\java\dev\jna\jna\5.13.0\jna-5.13.0.jar;C:\Users\dungh\.m2\repository\org\springframework\boot\spring-boot-docker-compose\3.3.0\spring-boot-docker-compose-3.3.0.jar;C:\Users\dungh\.m2\repository\com\fasterxml\jackson\core\jackson-databind\2.17.1\jackson-databind-2.17.1.jar;C:\Users\dungh\.m2\repository\com\fasterxml\jackson\core\jackson-annotations\2.17.1\jackson-annotations-2.17.1.jar;C:\Users\dungh\.m2\repository\com\fasterxml\jackson\core\jackson-core\2.17.1\jackson-core-2.17.1.jar;C:\Users\dungh\.m2\repository\com\fasterxml\jackson\module\jackson-module-parameter-names\2.17.1\jackson-module-parameter-names-2.17.1.jar;C:\Users\dungh\.m2\repository\org\testcontainers\junit-jupiter\1.19.8\junit-jupiter-1.19.8.jar;C:\Users\dungh\.m2\repository\org\testcontainers\mysql\1.19.8\mysql-1.19.8.jar;C:\Users\dungh\.m2\repository\org\testcontainers\jdbc\1.19.8\jdbc-1.19.8.jar;C:\Users\dungh\.m2\repository\org\testcontainers\database-commons\1.19.8\database-commons-1.19.8.jar;C:\Users\dungh\.m2\repository\jakarta\xml\bind\jakarta.xml.bind-api\4.0.2\jakarta.xml.bind-api-4.0.2.jar;C:\Users\dungh\.m2\repository\jakarta\activation\jakarta.activation-api\2.1.3\jakarta.activation-api-2.1.3.jar;"/>
    <property name="git.branch" value="main"/>
    <property name="git.build.host" value="DungzLaptop"/>
    <property name="java.vm.vendor" value="Oracle Corporation"/>
    <property name="sun.arch.data.model" value="64"/>
    <property name="user.variant" value=""/>
    <property name="git.commit.id" value="e1cb55c3f9db6cccd9aad37144431117d3b04ecf"/>
    <property name="java.vendor.url" value="https://java.oracle.com/"/>
    <property name="catalina.useNaming" value="false"/>
    <property name="user.timezone" value="Asia/Saigon"/>
    <property name="org.jboss.logging.provider" value="slf4j"/>
    <property name="java.vm.specification.version" value="17"/>
    <property name="os.name" value="Windows 11"/>
    <property name="git.commit.author.time" value="2024-06-13T14:12:15+07:00"/>
    <property name="sun.java.launcher" value="SUN_STANDARD"/>
    <property name="user.country" value="US"/>
    <property name="git.build.user.name" value="dungphung411"/>
    <property name="sun.boot.library.path" value="C:\Program Files\Java\jdk-17\bin"/>
    <property name="sun.java.command" value="C:\Users\dungh\AppData\Local\Temp\surefire4385345560468533163\surefirebooter-20240613145606929_3.jar C:\Users\dungh\AppData\Local\Temp\surefire4385345560468533163 2024-06-13T14-56-06_787-jvmRun1 surefire-20240613145606929_1tmp surefire_0-20240613145606929_2tmp"/>
    <property name="jdk.debug" value="release"/>
    <property name="surefire.test.class.path" value="D:\PROJECT\Gitclone\springpetclinicdocker\target\test-classes;D:\PROJECT\Gitclone\springpetclinicdocker\target\classes;C:\Users\dungh\.m2\repository\org\springframework\boot\spring-boot-starter-actuator\3.3.0\spring-boot-starter-actuator-3.3.0.jar;C:\Users\dungh\.m2\repository\org\springframework\boot\spring-boot-starter\3.3.0\spring-boot-starter-3.3.0.jar;C:\Users\dungh\.m2\repository\org\springframework\boot\spring-boot-starter-logging\3.3.0\spring-boot-starter-logging-3.3.0.jar;C:\Users\dungh\.m2\repository\ch\qos\logback\logback-classic\1.5.6\logback-classic-1.5.6.jar;C:\Users\dungh\.m2\repository\ch\qos\logback\logback-core\1.5.6\logback-core-1.5.6.jar;C:\Users\dungh\.m2\repository\org\apache\logging\log4j\log4j-to-slf4j\2.23.1\log4j-to-slf4j-2.23.1.jar;C:\Users\dungh\.m2\repository\org\apache\logging\log4j\log4j-api\2.23.1\log4j-api-2.23.1.jar;C:\Users\dungh\.m2\repository\org\slf4j\jul-to-slf4j\2.0.13\jul-to-slf4j-2.0.13.jar;C:\Users\dungh\.m2\repository\jakarta\annotation\jakarta.annotation-api\2.1.1\jakarta.annotation-api-2.1.1.jar;C:\Users\dungh\.m2\repository\org\yaml\snakeyaml\2.2\snakeyaml-2.2.jar;C:\Users\dungh\.m2\repository\org\springframework\boot\spring-boot-actuator-autoconfigure\3.3.0\spring-boot-actuator-autoconfigure-3.3.0.jar;C:\Users\dungh\.m2\repository\org\springframework\boot\spring-boot-actuator\3.3.0\spring-boot-actuator-3.3.0.jar;C:\Users\dungh\.m2\repository\com\fasterxml\jackson\datatype\jackson-datatype-jsr310\2.17.1\jackson-datatype-jsr310-2.17.1.jar;C:\Users\dungh\.m2\repository\io\micrometer\micrometer-observation\1.13.0\micrometer-observation-1.13.0.jar;C:\Users\dungh\.m2\repository\io\micrometer\micrometer-commons\1.13.0\micrometer-commons-1.13.0.jar;C:\Users\dungh\.m2\repository\io\micrometer\micrometer-jakarta9\1.13.0\micrometer-jakarta9-1.13.0.jar;C:\Users\dungh\.m2\repository\io\micrometer\micrometer-core\1.13.0\micrometer-core-1.13.0.jar;C:\Users\dungh\.m2\repository\org\hdrhistogram\HdrHistogram\2.2.1\HdrHistogram-2.2.1.jar;C:\Users\dungh\.m2\repository\org\latencyutils\LatencyUtils\2.0.3\LatencyUtils-2.0.3.jar;C:\Users\dungh\.m2\repository\org\springframework\boot\spring-boot-starter-cache\3.3.0\spring-boot-starter-cache-3.3.0.jar;C:\Users\dungh\.m2\repository\org\springframework\spring-context-support\6.1.8\spring-context-support-6.1.8.jar;C:\Users\dungh\.m2\repository\org\springframework\spring-beans\6.1.8\spring-beans-6.1.8.jar;C:\Users\dungh\.m2\repository\org\springframework\spring-context\6.1.8\spring-context-6.1.8.jar;C:\Users\dungh\.m2\repository\org\springframework\boot\spring-boot-starter-data-jpa\3.3.0\spring-boot-starter-data-jpa-3.3.0.jar;C:\Users\dungh\.m2\repository\org\springframework\boot\spring-boot-starter-aop\3.3.0\spring-boot-starter-aop-3.3.0.jar;C:\Users\dungh\.m2\repository\org\springframework\spring-aop\6.1.8\spring-aop-6.1.8.jar;C:\Users\dungh\.m2\repository\org\aspectj\aspectjweaver\1.9.22\aspectjweaver-1.9.22.jar;C:\Users\dungh\.m2\repository\org\springframework\boot\spring-boot-starter-jdbc\3.3.0\spring-boot-starter-jdbc-3.3.0.jar;C:\Users\dungh\.m2\repository\com\zaxxer\HikariCP\5.1.0\HikariCP-5.1.0.jar;C:\Users\dungh\.m2\repository\org\springframework\spring-jdbc\6.1.8\spring-jdbc-6.1.8.jar;C:\Users\dungh\.m2\repository\org\hibernate\orm\hibernate-core\6.5.2.Final\hibernate-core-6.5.2.Final.jar;C:\Users\dungh\.m2\repository\jakarta\persistence\jakarta.persistence-api\3.1.0\jakarta.persistence-api-3.1.0.jar;C:\Users\dungh\.m2\repository\jakarta\transaction\jakarta.transaction-api\2.0.1\jakarta.transaction-api-2.0.1.jar;C:\Users\dungh\.m2\repository\org\jboss\logging\jboss-logging\3.5.3.Final\jboss-logging-3.5.3.Final.jar;C:\Users\dungh\.m2\repository\org\hibernate\common\hibernate-commons-annotations\6.0.6.Final\hibernate-commons-annotations-6.0.6.Final.jar;C:\Users\dungh\.m2\repository\io\smallrye\jandex\3.1.2\jandex-3.1.2.jar;C:\Users\dungh\.m2\repository\com\fasterxml\classmate\1.7.0\classmate-1.7.0.jar;C:\Users\dungh\.m2\repository\net\bytebuddy\byte-buddy\1.14.16\byte-buddy-1.14.16.jar;C:\Users\dungh\.m2\repository\org\glassfish\jaxb\jaxb-runtime\4.0.5\jaxb-runtime-4.0.5.jar;C:\Users\dungh\.m2\repository\org\glassfish\jaxb\jaxb-core\4.0.5\jaxb-core-4.0.5.jar;C:\Users\dungh\.m2\repository\org\eclipse\angus\angus-activation\2.0.2\angus-activation-2.0.2.jar;C:\Users\dungh\.m2\repository\org\glassfish\jaxb\txw2\4.0.5\txw2-4.0.5.jar;C:\Users\dungh\.m2\repository\com\sun\istack\istack-commons-runtime\4.1.2\istack-commons-runtime-4.1.2.jar;C:\Users\dungh\.m2\repository\jakarta\inject\jakarta.inject-api\2.0.1\jakarta.inject-api-2.0.1.jar;C:\Users\dungh\.m2\repository\org\antlr\antlr4-runtime\4.13.0\antlr4-runtime-4.13.0.jar;C:\Users\dungh\.m2\repository\org\springframework\data\spring-data-jpa\3.3.0\spring-data-jpa-3.3.0.jar;C:\Users\dungh\.m2\repository\org\springframework\data\spring-data-commons\3.3.0\spring-data-commons-3.3.0.jar;C:\Users\dungh\.m2\repository\org\springframework\spring-orm\6.1.8\spring-orm-6.1.8.jar;C:\Users\dungh\.m2\repository\org\springframework\spring-tx\6.1.8\spring-tx-6.1.8.jar;C:\Users\dungh\.m2\repository\org\slf4j\slf4j-api\2.0.13\slf4j-api-2.0.13.jar;C:\Users\dungh\.m2\repository\org\springframework\spring-aspects\6.1.8\spring-aspects-6.1.8.jar;C:\Users\dungh\.m2\repository\org\springframework\boot\spring-boot-starter-web\3.3.0\spring-boot-starter-web-3.3.0.jar;C:\Users\dungh\.m2\repository\org\springframework\boot\spring-boot-starter-json\3.3.0\spring-boot-starter-json-3.3.0.jar;C:\Users\dungh\.m2\repository\com\fasterxml\jackson\datatype\jackson-datatype-jdk8\2.17.1\jackson-datatype-jdk8-2.17.1.jar;C:\Users\dungh\.m2\repository\org\springframework\boot\spring-boot-starter-tomcat\3.3.0\spring-boot-starter-tomcat-3.3.0.jar;C:\Users\dungh\.m2\repository\org\apache\tomcat\embed\tomcat-embed-core\10.1.24\tomcat-embed-core-10.1.24.jar;C:\Users\dungh\.m2\repository\org\apache\tomcat\embed\tomcat-embed-websocket\10.1.24\tomcat-embed-websocket-10.1.24.jar;C:\Users\dungh\.m2\repository\org\springframework\spring-web\6.1.8\spring-web-6.1.8.jar;C:\Users\dungh\.m2\repository\org\springframework\spring-webmvc\6.1.8\spring-webmvc-6.1.8.jar;C:\Users\dungh\.m2\repository\org\springframework\spring-expression\6.1.8\spring-expression-6.1.8.jar;C:\Users\dungh\.m2\repository\org\springframework\boot\spring-boot-starter-validation\3.3.0\spring-boot-starter-validation-3.3.0.jar;C:\Users\dungh\.m2\repository\org\apache\tomcat\embed\tomcat-embed-el\10.1.24\tomcat-embed-el-10.1.24.jar;C:\Users\dungh\.m2\repository\org\hibernate\validator\hibernate-validator\8.0.1.Final\hibernate-validator-8.0.1.Final.jar;C:\Users\dungh\.m2\repository\jakarta\validation\jakarta.validation-api\3.0.2\jakarta.validation-api-3.0.2.jar;C:\Users\dungh\.m2\repository\org\springframework\boot\spring-boot-starter-thymeleaf\3.3.0\spring-boot-starter-thymeleaf-3.3.0.jar;C:\Users\dungh\.m2\repository\org\thymeleaf\thymeleaf-spring6\3.1.2.RELEASE\thymeleaf-spring6-3.1.2.RELEASE.jar;C:\Users\dungh\.m2\repository\org\thymeleaf\thymeleaf\3.1.2.RELEASE\thymeleaf-3.1.2.RELEASE.jar;C:\Users\dungh\.m2\repository\org\attoparser\attoparser\2.0.7.RELEASE\attoparser-2.0.7.RELEASE.jar;C:\Users\dungh\.m2\repository\org\unbescape\unbescape\1.1.6.RELEASE\unbescape-1.1.6.RELEASE.jar;C:\Users\dungh\.m2\repository\org\springframework\boot\spring-boot-starter-test\3.3.0\spring-boot-starter-test-3.3.0.jar;C:\Users\dungh\.m2\repository\org\springframework\boot\spring-boot-test\3.3.0\spring-boot-test-3.3.0.jar;C:\Users\dungh\.m2\repository\org\springframework\boot\spring-boot-test-autoconfigure\3.3.0\spring-boot-test-autoconfigure-3.3.0.jar;C:\Users\dungh\.m2\repository\com\jayway\jsonpath\json-path\2.9.0\json-path-2.9.0.jar;C:\Users\dungh\.m2\repository\net\minidev\json-smart\2.5.1\json-smart-2.5.1.jar;C:\Users\dungh\.m2\repository\net\minidev\accessors-smart\2.5.1\accessors-smart-2.5.1.jar;C:\Users\dungh\.m2\repository\org\ow2\asm\asm\9.6\asm-9.6.jar;C:\Users\dungh\.m2\repository\org\assertj\assertj-core\3.25.3\assertj-core-3.25.3.jar;C:\Users\dungh\.m2\repository\org\awaitility\awaitility\4.2.1\awaitility-4.2.1.jar;C:\Users\dungh\.m2\repository\org\hamcrest\hamcrest\2.2\hamcrest-2.2.jar;C:\Users\dungh\.m2\repository\org\junit\jupiter\junit-jupiter\5.10.2\junit-jupiter-5.10.2.jar;C:\Users\dungh\.m2\repository\org\junit\jupiter\junit-jupiter-api\5.10.2\junit-jupiter-api-5.10.2.jar;C:\Users\dungh\.m2\repository\org\opentest4j\opentest4j\1.3.0\opentest4j-1.3.0.jar;C:\Users\dungh\.m2\repository\org\junit\platform\junit-platform-commons\1.10.2\junit-platform-commons-1.10.2.jar;C:\Users\dungh\.m2\repository\org\apiguardian\apiguardian-api\1.1.2\apiguardian-api-1.1.2.jar;C:\Users\dungh\.m2\repository\org\junit\jupiter\junit-jupiter-params\5.10.2\junit-jupiter-params-5.10.2.jar;C:\Users\dungh\.m2\repository\org\junit\jupiter\junit-jupiter-engine\5.10.2\junit-jupiter-engine-5.10.2.jar;C:\Users\dungh\.m2\repository\org\junit\platform\junit-platform-engine\1.10.2\junit-platform-engine-1.10.2.jar;C:\Users\dungh\.m2\repository\org\mockito\mockito-core\5.11.0\mockito-core-5.11.0.jar;C:\Users\dungh\.m2\repository\net\bytebuddy\byte-buddy-agent\1.14.16\byte-buddy-agent-1.14.16.jar;C:\Users\dungh\.m2\repository\org\objenesis\objenesis\3.3\objenesis-3.3.jar;C:\Users\dungh\.m2\repository\org\mockito\mockito-junit-jupiter\5.11.0\mockito-junit-jupiter-5.11.0.jar;C:\Users\dungh\.m2\repository\org\skyscreamer\jsonassert\1.5.1\jsonassert-1.5.1.jar;C:\Users\dungh\.m2\repository\com\vaadin\external\google\android-json\0.0.20131108.vaadin1\android-json-0.0.20131108.vaadin1.jar;C:\Users\dungh\.m2\repository\org\springframework\spring-core\6.1.8\spring-core-6.1.8.jar;C:\Users\dungh\.m2\repository\org\springframework\spring-jcl\6.1.8\spring-jcl-6.1.8.jar;C:\Users\dungh\.m2\repository\org\springframework\spring-test\6.1.8\spring-test-6.1.8.jar;C:\Users\dungh\.m2\repository\org\xmlunit\xmlunit-core\2.9.1\xmlunit-core-2.9.1.jar;C:\Users\dungh\.m2\repository\com\h2database\h2\2.2.224\h2-2.2.224.jar;C:\Users\dungh\.m2\repository\com\mysql\mysql-connector-j\8.3.0\mysql-connector-j-8.3.0.jar;C:\Users\dungh\.m2\repository\org\postgresql\postgresql\42.7.3\postgresql-42.7.3.jar;C:\Users\dungh\.m2\repository\org\checkerframework\checker-qual\3.42.0\checker-qual-3.42.0.jar;C:\Users\dungh\.m2\repository\javax\cache\cache-api\1.1.1\cache-api-1.1.1.jar;C:\Users\dungh\.m2\repository\com\github\ben-manes\caffeine\caffeine\3.1.8\caffeine-3.1.8.jar;C:\Users\dungh\.m2\repository\com\google\errorprone\error_prone_annotations\2.21.1\error_prone_annotations-2.21.1.jar;C:\Users\dungh\.m2\repository\org\webjars\npm\bootstrap\5.3.3\bootstrap-5.3.3.jar;C:\Users\dungh\.m2\repository\org\webjars\npm\font-awesome\4.7.0\font-awesome-4.7.0.jar;C:\Users\dungh\.m2\repository\org\springframework\boot\spring-boot-devtools\3.3.0\spring-boot-devtools-3.3.0.jar;C:\Users\dungh\.m2\repository\org\springframework\boot\spring-boot\3.3.0\spring-boot-3.3.0.jar;C:\Users\dungh\.m2\repository\org\springframework\boot\spring-boot-autoconfigure\3.3.0\spring-boot-autoconfigure-3.3.0.jar;C:\Users\dungh\.m2\repository\org\springframework\boot\spring-boot-testcontainers\3.3.0\spring-boot-testcontainers-3.3.0.jar;C:\Users\dungh\.m2\repository\org\testcontainers\testcontainers\1.19.8\testcontainers-1.19.8.jar;C:\Users\dungh\.m2\repository\junit\junit\4.13.2\junit-4.13.2.jar;C:\Users\dungh\.m2\repository\org\hamcrest\hamcrest-core\2.2\hamcrest-core-2.2.jar;C:\Users\dungh\.m2\repository\org\apache\commons\commons-compress\1.24.0\commons-compress-1.24.0.jar;C:\Users\dungh\.m2\repository\org\rnorth\duct-tape\duct-tape\1.0.8\duct-tape-1.0.8.jar;C:\Users\dungh\.m2\repository\org\jetbrains\annotations\17.0.0\annotations-17.0.0.jar;C:\Users\dungh\.m2\repository\com\github\docker-java\docker-java-api\3.3.6\docker-java-api-3.3.6.jar;C:\Users\dungh\.m2\repository\com\github\docker-java\docker-java-transport-zerodep\3.3.6\docker-java-transport-zerodep-3.3.6.jar;C:\Users\dungh\.m2\repository\com\github\docker-java\docker-java-transport\3.3.6\docker-java-transport-3.3.6.jar;C:\Users\dungh\.m2\repository\net\java\dev\jna\jna\5.13.0\jna-5.13.0.jar;C:\Users\dungh\.m2\repository\org\springframework\boot\spring-boot-docker-compose\3.3.0\spring-boot-docker-compose-3.3.0.jar;C:\Users\dungh\.m2\repository\com\fasterxml\jackson\core\jackson-databind\2.17.1\jackson-databind-2.17.1.jar;C:\Users\dungh\.m2\repository\com\fasterxml\jackson\core\jackson-annotations\2.17.1\jackson-annotations-2.17.1.jar;C:\Users\dungh\.m2\repository\com\fasterxml\jackson\core\jackson-core\2.17.1\jackson-core-2.17.1.jar;C:\Users\dungh\.m2\repository\com\fasterxml\jackson\module\jackson-module-parameter-names\2.17.1\jackson-module-parameter-names-2.17.1.jar;C:\Users\dungh\.m2\repository\org\testcontainers\junit-jupiter\1.19.8\junit-jupiter-1.19.8.jar;C:\Users\dungh\.m2\repository\org\testcontainers\mysql\1.19.8\mysql-1.19.8.jar;C:\Users\dungh\.m2\repository\org\testcontainers\jdbc\1.19.8\jdbc-1.19.8.jar;C:\Users\dungh\.m2\repository\org\testcontainers\database-commons\1.19.8\database-commons-1.19.8.jar;C:\Users\dungh\.m2\repository\jakarta\xml\bind\jakarta.xml.bind-api\4.0.2\jakarta.xml.bind-api-4.0.2.jar;C:\Users\dungh\.m2\repository\jakarta\activation\jakarta.activation-api\2.1.3\jakarta.activation-api-2.1.3.jar;"/>
    <property name="sun.cpu.endian" value="little"/>
    <property name="user.home" value="C:\Users\dungh"/>
    <property name="user.language" value="en"/>
    <property name="git.closest.tag.commit.count" value=""/>
    <property name="java.specification.vendor" value="Oracle Corporation"/>
    <property name="java.version.date" value="2024-04-16"/>
    <property name="java.home" value="C:\Program Files\Java\jdk-17"/>
    <property name="git.total.commit.count" value="933"/>
    <property name="file.separator" value="\"/>
    <property name="basedir" value="D:\PROJECT\Gitclone\springpetclinicdocker"/>
    <property name="java.vm.compressedOopsMode" value="Zero based"/>
    <property name="line.separator" value="&#10;"/>
    <property name="git.build.user.email" value="170640188+dungphung411@users.noreply.github.com"/>
    <property name="git.commit.committer.time" value="2024-06-13T14:12:15+07:00"/>
    <property name="java.vm.specification.vendor" value="Oracle Corporation"/>
    <property name="java.specification.name" value="Java Platform API Specification"/>
    <property name="FILE_LOG_CHARSET" value="windows-1252"/>
    <property name="java.awt.headless" value="true"/>
    <property name="git.tag" value=""/>
    <property name="git.closest.tag.name" value=""/>
    <property name="git.local.branch.ahead" value="0"/>
    <property name="git.build.time" value="2023-05-10T14:42:50+07:00"/>
    <property name="surefire.real.class.path" value="C:\Users\dungh\AppData\Local\Temp\surefire4385345560468533163\surefirebooter-20240613145606929_3.jar"/>
    <property name="git.commit.message.full" value="jenkinsfile"/>
    <property name="junit.platform.listeners.uid.tracking.enabled" value="true"/>
    <property name="user.script" value=""/>
    <property name="sun.management.compiler" value="HotSpot 64-Bit Tiered Compilers"/>
    <property name="junit.platform.listeners.uid.tracking.output.dir" value="D:\PROJECT\Gitclone\springpetclinicdocker\target\test-ids"/>
    <property name="java.runtime.version" value="17.0.11+7-LTS-207"/>
    <property name="user.name" value="dungh"/>
    <property name="path.separator" value=";"/>
    <property name="os.version" value="10.0"/>
    <property name="java.runtime.name" value="Java(TM) SE Runtime Environment"/>
    <property name="file.encoding" value="Cp1252"/>
    <property name="git.commit.user.email" value="170640188+dungphung411@users.noreply.github.com"/>
    <property name="java.vm.name" value="Java HotSpot(TM) 64-Bit Server VM"/>
    <property name="git.local.branch.behind" value="0"/>
    <property name="git.dirty" value="false"/>
    <property name="localRepository" value="C:\Users\dungh\.m2\repository"/>
    <property name="java.vendor.url.bug" value="https://bugreport.java.com/bugreport/"/>
    <property name="java.io.tmpdir" value="C:\Users\dungh\AppData\Local\Temp\"/>
    <property name="catalina.home" value="C:\Users\dungh\AppData\Local\Temp\tomcat.0.17501429720718939693"/>
    <property name="com.zaxxer.hikari.pool_number" value="3"/>
    <property name="java.version" value="17.0.11"/>
    <property name="user.dir" value="D:\PROJECT\Gitclone\springpetclinicdocker"/>
    <property name="os.arch" value="amd64"/>
    <property name="git.commit.user.name" value="dungphung411"/>
    <property name="git.commit.id.abbrev" value="e1cb55c"/>
    <property name="java.vm.specification.name" value="Java Virtual Machine Specification"/>
    <property name="PID" value="19972"/>
    <property name="git.commit.id.describe-short" value="e1cb55c"/>
    <property name="sun.os.patch.level" value=""/>
    <property name="CONSOLE_LOG_CHARSET" value="windows-1252"/>
    <property name="git.commit.id.describe" value="e1cb55c"/>
    <property name="catalina.base" value="C:\Users\dungh\AppData\Local\Temp\tomcat.0.8475806292428100767"/>
    <property name="native.encoding" value="Cp1252"/>
    <property name="java.library.path" value="C:\Program Files\Java\jdk-17\bin;C:\Windows\Sun\Java\bin;C:\Windows\system32;C:\Windows;C:\Python312\Scripts\;C:\Python312\;C:\Program Files\Java\jdk-17;C:\Program Files (x86)\NVIDIA Corporation\PhysX\Common;C:\Program Files\Java\jdk-17\bin;D:\Setup\sonar-scanner-5.0.1.3006-windows\bin;C:\Windows\system32;C:\Windows;C:\Windows\System32\Wbem;C:\Windows\System32\WindowsPowerShell\v1.0\;C:\Windows\System32\OpenSSH\;C:\Program Files\dotnet\;C:\Program Files\Git\cmd;D:\Setup\apache-maven-3.9.7\bin;C:\Program Files\Amazon\AWSCLIV2\;C:\Program Files\Go\bin;C:\Program Files\Microsoft SQL Server\150\Tools\Binn\;C:\Program Files\Microsoft SQL Server\Client SDK\ODBC\170\Tools\Binn\;C:\Users\dungh\AppData\Local\Programs\mongosh\mongosh-2.2.6-win32-x64\bin;C:\Program Files\GitHub CLI\;C:\Program Files (x86)\Common Files\Acronis\SnapAPI\;C:\Program Files\Docker\Docker\resources\bin;D:\Setup\sonarqube-9.9.5.90363\bin\windows-x86-64;C:\Users\dungh\AppData\Local\Jenkins\.jenkins\workspace\Test1;C:\Program Files\Nodejs\node-v20.14.0-win-x64\node_modules\npm\bin;C:\ProgramData\chocolatey\bin;C:\Program Files\nodejs\;C:\Program Files\MySQL\MySQL Shell 8.0\bin\;C:\Users\dungh\AppData\Local\Microsoft\WindowsApps;C:\Users\dungh\AppData\Local\Programs\Microsoft VS Code\bin;C:\Users\dungh\go\bin;C:\Users\dungh\.dotnet\tools;C:\Users\dungh\AppData\Roaming\npm;C:\Users\dungh\AppData\Local\GitHubDesktop\bin;;."/>
    <property name="git.commit.message.short" value="jenkinsfile"/>
    <property name="java.vm.info" value="mixed mode, sharing"/>
    <property name="java.vendor" value="Oracle Corporation"/>
    <property name="java.vm.version" value="17.0.11+7-LTS-207"/>
    <property name="sun.io.unicode.encoding" value="UnicodeLittle"/>
    <property name="java.class.version" value="61.0"/>
    <property name="git.commit.time" value="2024-06-13T14:12:15+07:00"/>
    <property name="git.remote.origin.url" value="https://github.com/dungphung411/springpetclinicdocker.git"/>
  </properties>
  <testcase name="testFindAll" classname="org.springframework.samples.petclinic.PostgresIntegrationTests" time="0.054">
    <system-out><![CDATA[2024-06-13T14:58:07.244+07:00  INFO 19972 --- [           main] t.c.s.AnnotationConfigContextLoaderUtils : Could not detect default configuration classes for test class [org.springframework.samples.petclinic.PostgresIntegrationTests]: PostgresIntegrationTests does not declare any static, non-private, non-final, nested classes annotated with @Configuration.
2024-06-13T14:58:07.253+07:00  INFO 19972 --- [           main] .b.t.c.SpringBootTestContextBootstrapper : Found @SpringBootConfiguration org.springframework.samples.petclinic.PetClinicApplication for test class org.springframework.samples.petclinic.PostgresIntegrationTests
2024-06-13T14:58:07.268+07:00  INFO 19972 --- [           main] o.s.b.d.r.RestartApplicationListener     : Restart disabled due to context in which it is running


              |\      _,,,--,,_
             /,`.-'`'   ._  \-;;,_
  _______ __|,4-  ) )_   .;.(__`'-'__     ___ __    _ ___ _______
 |       | '---''(_/._)-'(_\_)   |   |   |   |  |  | |   |       |
 |    _  |    ___|_     _|       |   |   |   |   |_| |   |       | __ _ _
 |   |_| |   |___  |   | |       |   |   |   |       |   |       | \ \ \ \
 |    ___|    ___| |   | |      _|   |___|   |  _    |   |      _|  \ \ \ \
 |   |   |   |___  |   | |     |_|       |   | | |   |   |     |_    ) ) ) )
 |___|   |_______| |___| |_______|_______|___|_|  |__|___|_______|  / / / /
 ==================================================================/_/_/_/

:: Built with Spring Boot :: 3.3.0


2024-06-13T14:58:07.304+07:00  INFO 19972 --- [           main] o.s.s.p.PostgresIntegrationTests         : Starting PostgresIntegrationTests using Java 17.0.11 with PID 19972 (started by dungh in D:\PROJECT\Gitclone\springpetclinicdocker)
2024-06-13T14:58:07.305+07:00  INFO 19972 --- [           main] o.s.s.p.PostgresIntegrationTests         : The following 1 profile is active: "postgres"
2024-06-13T14:58:07.315+07:00  INFO 19972 --- [           main] .s.b.d.c.l.DockerComposeLifecycleManager : Using Docker Compose file 'D:\PROJECT\Gitclone\springpetclinicdocker\docker-compose.yml'
2024-06-13T14:58:09.264+07:00  INFO 19972 --- [utReader-stderr] o.s.boot.docker.compose.core.DockerCli   :  postgres Pulling 
2024-06-13T14:58:15.747+07:00  INFO 19972 --- [utReader-stderr] o.s.boot.docker.compose.core.DockerCli   :  09f376ebb190 Pulling fs layer 
2024-06-13T14:58:15.747+07:00  INFO 19972 --- [utReader-stderr] o.s.boot.docker.compose.core.DockerCli   :  119215dfb3e3 Pulling fs layer 
2024-06-13T14:58:15.747+07:00  INFO 19972 --- [utReader-stderr] o.s.boot.docker.compose.core.DockerCli   :  e02bbc8c8252 Pulling fs layer 
2024-06-13T14:58:15.747+07:00  INFO 19972 --- [utReader-stderr] o.s.boot.docker.compose.core.DockerCli   :  061f31803c55 Pulling fs layer 
2024-06-13T14:58:15.747+07:00  INFO 19972 --- [utReader-stderr] o.s.boot.docker.compose.core.DockerCli   :  accd4903f49a Pulling fs layer 
2024-06-13T14:58:15.748+07:00  INFO 19972 --- [utReader-stderr] o.s.boot.docker.compose.core.DockerCli   :  2016ff8e6e3a Pulling fs layer 
2024-06-13T14:58:15.748+07:00  INFO 19972 --- [utReader-stderr] o.s.boot.docker.compose.core.DockerCli   :  088e651df7e9 Pulling fs layer 
2024-06-13T14:58:15.748+07:00  INFO 19972 --- [utReader-stderr] o.s.boot.docker.compose.core.DockerCli   :  ed155773e5e0 Pulling fs layer 
2024-06-13T14:58:15.748+07:00  INFO 19972 --- [utReader-stderr] o.s.boot.docker.compose.core.DockerCli   :  ffebb35d2904 Pulling fs layer 
2024-06-13T14:58:15.748+07:00  INFO 19972 --- [utReader-stderr] o.s.boot.docker.compose.core.DockerCli   :  293f0bec643a Pulling fs layer 
2024-06-13T14:58:15.748+07:00  INFO 19972 --- [utReader-stderr] o.s.boot.docker.compose.core.DockerCli   :  1655a257a5b5 Pulling fs layer 
2024-06-13T14:58:15.748+07:00  INFO 19972 --- [utReader-stderr] o.s.boot.docker.compose.core.DockerCli   :  4ddba458499d Pulling fs layer 
2024-06-13T14:58:15.748+07:00  INFO 19972 --- [utReader-stderr] o.s.boot.docker.compose.core.DockerCli   :  90e48ae03559 Pulling fs layer 
2024-06-13T14:58:15.748+07:00  INFO 19972 --- [utReader-stderr] o.s.boot.docker.compose.core.DockerCli   :  822c1a513e6a Pulling fs layer 
2024-06-13T14:58:15.748+07:00  INFO 19972 --- [utReader-stderr] o.s.boot.docker.compose.core.DockerCli   :  2016ff8e6e3a Waiting 
2024-06-13T14:58:15.748+07:00  INFO 19972 --- [utReader-stderr] o.s.boot.docker.compose.core.DockerCli   :  accd4903f49a Waiting 
2024-06-13T14:58:15.748+07:00  INFO 19972 --- [utReader-stderr] o.s.boot.docker.compose.core.DockerCli   :  4ddba458499d Waiting 
2024-06-13T14:58:15.748+07:00  INFO 19972 --- [utReader-stderr] o.s.boot.docker.compose.core.DockerCli   :  90e48ae03559 Waiting 
2024-06-13T14:58:15.749+07:00  INFO 19972 --- [utReader-stderr] o.s.boot.docker.compose.core.DockerCli   :  822c1a513e6a Waiting 
2024-06-13T14:58:15.749+07:00  INFO 19972 --- [utReader-stderr] o.s.boot.docker.compose.core.DockerCli   :  1655a257a5b5 Waiting 
2024-06-13T14:58:15.749+07:00  INFO 19972 --- [utReader-stderr] o.s.boot.docker.compose.core.DockerCli   :  ffebb35d2904 Waiting 
2024-06-13T14:58:15.749+07:00  INFO 19972 --- [utReader-stderr] o.s.boot.docker.compose.core.DockerCli   :  088e651df7e9 Waiting 
2024-06-13T14:58:15.749+07:00  INFO 19972 --- [utReader-stderr] o.s.boot.docker.compose.core.DockerCli   :  293f0bec643a Waiting 
2024-06-13T14:58:15.749+07:00  INFO 19972 --- [utReader-stderr] o.s.boot.docker.compose.core.DockerCli   :  ed155773e5e0 Waiting 
2024-06-13T14:58:15.749+07:00  INFO 19972 --- [utReader-stderr] o.s.boot.docker.compose.core.DockerCli   :  061f31803c55 Waiting 
2024-06-13T14:58:17.063+07:00  INFO 19972 --- [utReader-stderr] o.s.boot.docker.compose.core.DockerCli   :  e02bbc8c8252 Downloading [>                                                  ]  45.67kB/4.534MB
2024-06-13T14:58:17.168+07:00  INFO 19972 --- [utReader-stderr] o.s.boot.docker.compose.core.DockerCli   :  e02bbc8c8252 Downloading [==>                                                ]  188.3kB/4.534MB
2024-06-13T14:58:17.271+07:00  INFO 19972 --- [utReader-stderr] o.s.boot.docker.compose.core.DockerCli   :  e02bbc8c8252 Downloading [======>                                            ]  556.3kB/4.534MB
2024-06-13T14:58:17.373+07:00  INFO 19972 --- [utReader-stderr] o.s.boot.docker.compose.core.DockerCli   :  e02bbc8c8252 Downloading [=========>                                         ]  900.3kB/4.534MB
2024-06-13T14:58:17.479+07:00  INFO 19972 --- [utReader-stderr] o.s.boot.docker.compose.core.DockerCli   :  e02bbc8c8252 Downloading [===============>                                   ]  1.392MB/4.534MB
2024-06-13T14:58:17.591+07:00  INFO 19972 --- [utReader-stderr] o.s.boot.docker.compose.core.DockerCli   :  e02bbc8c8252 Downloading [====================>                              ]  1.883MB/4.534MB
2024-06-13T14:58:17.658+07:00  INFO 19972 --- [utReader-stderr] o.s.boot.docker.compose.core.DockerCli   :  09f376ebb190 Downloading [>                                                  ]  298.2kB/29.15MB
2024-06-13T14:58:17.698+07:00  INFO 19972 --- [utReader-stderr] o.s.boot.docker.compose.core.DockerCli   :  e02bbc8c8252 Downloading [=========================>                         ]  2.276MB/4.534MB
2024-06-13T14:58:17.808+07:00  INFO 19972 --- [utReader-stderr] o.s.boot.docker.compose.core.DockerCli   :  e02bbc8c8252 Downloading [==============================>                    ]  2.775MB/4.534MB
2024-06-13T14:58:17.915+07:00  INFO 19972 --- [utReader-stderr] o.s.boot.docker.compose.core.DockerCli   :  e02bbc8c8252 Downloading [===================================>               ]  3.218MB/4.534MB
2024-06-13T14:58:18.016+07:00  INFO 19972 --- [utReader-stderr] o.s.boot.docker.compose.core.DockerCli   :  09f376ebb190 Downloading [=>                                                 ]  593.1kB/29.15MB
2024-06-13T14:58:18.021+07:00  INFO 19972 --- [utReader-stderr] o.s.boot.docker.compose.core.DockerCli   :  e02bbc8c8252 Downloading [========================================>          ]   3.66MB/4.534MB
2024-06-13T14:58:18.122+07:00  INFO 19972 --- [utReader-stderr] o.s.boot.docker.compose.core.DockerCli   :  e02bbc8c8252 Downloading [=============================================>     ]  4.102MB/4.534MB
2024-06-13T14:58:18.232+07:00  INFO 19972 --- [utReader-stderr] o.s.boot.docker.compose.core.DockerCli   :  e02bbc8c8252 Downloading [===============================================>   ]  4.348MB/4.534MB
2024-06-13T14:58:18.284+07:00  INFO 19972 --- [utReader-stderr] o.s.boot.docker.compose.core.DockerCli   :  e02bbc8c8252 Verifying Checksum 
2024-06-13T14:58:18.285+07:00  INFO 19972 --- [utReader-stderr] o.s.boot.docker.compose.core.DockerCli   :  e02bbc8c8252 Download complete 
2024-06-13T14:58:18.350+07:00  INFO 19972 --- [utReader-stderr] o.s.boot.docker.compose.core.DockerCli   :  09f376ebb190 Downloading [=>                                                 ]  888.1kB/29.15MB
2024-06-13T14:58:18.414+07:00  INFO 19972 --- [utReader-stderr] o.s.boot.docker.compose.core.DockerCli   :  119215dfb3e3 Downloading [==============================>                    ]     720B/1.164kB
2024-06-13T14:58:18.414+07:00  INFO 19972 --- [utReader-stderr] o.s.boot.docker.compose.core.DockerCli   :  119215dfb3e3 Downloading [==================================================>]  1.164kB/1.164kB
2024-06-13T14:58:18.414+07:00  INFO 19972 --- [utReader-stderr] o.s.boot.docker.compose.core.DockerCli   :  119215dfb3e3 Verifying Checksum 
2024-06-13T14:58:18.414+07:00  INFO 19972 --- [utReader-stderr] o.s.boot.docker.compose.core.DockerCli   :  119215dfb3e3 Download complete 
2024-06-13T14:58:18.527+07:00  INFO 19972 --- [utReader-stderr] o.s.boot.docker.compose.core.DockerCli   :  09f376ebb190 Downloading [==>                                                ]  1.183MB/29.15MB
2024-06-13T14:58:18.693+07:00  INFO 19972 --- [utReader-stderr] o.s.boot.docker.compose.core.DockerCli   :  09f376ebb190 Downloading [==>                                                ]  1.478MB/29.15MB
2024-06-13T14:58:18.799+07:00  INFO 19972 --- [utReader-stderr] o.s.boot.docker.compose.core.DockerCli   :  09f376ebb190 Downloading [===>                                               ]  1.773MB/29.15MB
2024-06-13T14:58:18.910+07:00  INFO 19972 --- [utReader-stderr] o.s.boot.docker.compose.core.DockerCli   :  09f376ebb190 Downloading [===>                                               ]  2.068MB/29.15MB
2024-06-13T14:58:19.037+07:00  INFO 19972 --- [utReader-stderr] o.s.boot.docker.compose.core.DockerCli   :  09f376ebb190 Downloading [====>                                              ]  2.363MB/29.15MB
2024-06-13T14:58:19.144+07:00  INFO 19972 --- [utReader-stderr] o.s.boot.docker.compose.core.DockerCli   :  09f376ebb190 Downloading [====>                                              ]  2.658MB/29.15MB
2024-06-13T14:58:19.329+07:00  INFO 19972 --- [utReader-stderr] o.s.boot.docker.compose.core.DockerCli   :  accd4903f49a Downloading [>                                                  ]  81.54kB/8.069MB
2024-06-13T14:58:19.357+07:00  INFO 19972 --- [utReader-stderr] o.s.boot.docker.compose.core.DockerCli   :  09f376ebb190 Downloading [=====>                                             ]  3.247MB/29.15MB
2024-06-13T14:58:19.457+07:00  INFO 19972 --- [utReader-stderr] o.s.boot.docker.compose.core.DockerCli   :  accd4903f49a Downloading [===>                                               ]  507.1kB/8.069MB
2024-06-13T14:58:19.520+07:00  INFO 19972 --- [utReader-stderr] o.s.boot.docker.compose.core.DockerCli   :  09f376ebb190 Downloading [======>                                            ]  3.542MB/29.15MB
2024-06-13T14:58:19.594+07:00  INFO 19972 --- [utReader-stderr] o.s.boot.docker.compose.core.DockerCli   :  accd4903f49a Downloading [=====>                                             ]  846.1kB/8.069MB
2024-06-13T14:58:19.656+07:00  INFO 19972 --- [utReader-stderr] o.s.boot.docker.compose.core.DockerCli   :  09f376ebb190 Downloading [======>                                            ]  3.848MB/29.15MB
2024-06-13T14:58:19.768+07:00  INFO 19972 --- [utReader-stderr] o.s.boot.docker.compose.core.DockerCli   :  accd4903f49a Downloading [=======>                                           ]  1.182MB/8.069MB
2024-06-13T14:58:19.801+07:00  INFO 19972 --- [utReader-stderr] o.s.boot.docker.compose.core.DockerCli   :  09f376ebb190 Downloading [=======>                                           ]  4.143MB/29.15MB
2024-06-13T14:58:19.820+07:00  INFO 19972 --- [utReader-stderr] o.s.boot.docker.compose.core.DockerCli   :  061f31803c55 Downloading [>                                                  ]  15.06kB/1.45MB
2024-06-13T14:58:19.882+07:00  INFO 19972 --- [utReader-stderr] o.s.boot.docker.compose.core.DockerCli   :  accd4903f49a Downloading [========>                                          ]  1.436MB/8.069MB
2024-06-13T14:58:19.923+07:00  INFO 19972 --- [utReader-stderr] o.s.boot.docker.compose.core.DockerCli   :  061f31803c55 Downloading [========>                                          ]  245.8kB/1.45MB
2024-06-13T14:58:19.958+07:00  INFO 19972 --- [utReader-stderr] o.s.boot.docker.compose.core.DockerCli   :  09f376ebb190 Downloading [=======>                                           ]  4.438MB/29.15MB
2024-06-13T14:58:20.024+07:00  INFO 19972 --- [utReader-stderr] o.s.boot.docker.compose.core.DockerCli   :  061f31803c55 Downloading [===================>                               ]  557.1kB/1.45MB
2024-06-13T14:58:20.079+07:00  INFO 19972 --- [utReader-stderr] o.s.boot.docker.compose.core.DockerCli   :  accd4903f49a Downloading [==========>                                        ]  1.682MB/8.069MB
2024-06-13T14:58:20.128+07:00  INFO 19972 --- [utReader-stderr] o.s.boot.docker.compose.core.DockerCli   :  061f31803c55 Downloading [================================>                  ]  933.9kB/1.45MB
2024-06-13T14:58:20.228+07:00  INFO 19972 --- [utReader-stderr] o.s.boot.docker.compose.core.DockerCli   :  061f31803c55 Downloading [=========================================>         ]  1.212MB/1.45MB
2024-06-13T14:58:20.244+07:00  INFO 19972 --- [utReader-stderr] o.s.boot.docker.compose.core.DockerCli   :  accd4903f49a Downloading [==========>                                        ]  1.764MB/8.069MB
2024-06-13T14:58:20.338+07:00  INFO 19972 --- [utReader-stderr] o.s.boot.docker.compose.core.DockerCli   :  061f31803c55 Downloading [================================================>  ]  1.415MB/1.45MB
2024-06-13T14:58:20.353+07:00  INFO 19972 --- [utReader-stderr] o.s.boot.docker.compose.core.DockerCli   :  061f31803c55 Verifying Checksum 
2024-06-13T14:58:20.353+07:00  INFO 19972 --- [utReader-stderr] o.s.boot.docker.compose.core.DockerCli   :  061f31803c55 Download complete 
2024-06-13T14:58:20.374+07:00  INFO 19972 --- [utReader-stderr] o.s.boot.docker.compose.core.DockerCli   :  09f376ebb190 Downloading [========>                                          ]  4.733MB/29.15MB
2024-06-13T14:58:20.374+07:00  INFO 19972 --- [utReader-stderr] o.s.boot.docker.compose.core.DockerCli   :  accd4903f49a Downloading [============>                                      ]   1.94MB/8.069MB
2024-06-13T14:58:20.486+07:00  INFO 19972 --- [utReader-stderr] o.s.boot.docker.compose.core.DockerCli   :  accd4903f49a Downloading [==============>                                    ]  2.267MB/8.069MB
2024-06-13T14:58:20.574+07:00  INFO 19972 --- [utReader-stderr] o.s.boot.docker.compose.core.DockerCli   :  09f376ebb190 Downloading [=========>                                         ]  5.323MB/29.15MB
2024-06-13T14:58:20.604+07:00  INFO 19972 --- [utReader-stderr] o.s.boot.docker.compose.core.DockerCli   :  accd4903f49a Downloading [================>                                  ]  2.595MB/8.069MB
2024-06-13T14:58:20.697+07:00  INFO 19972 --- [utReader-stderr] o.s.boot.docker.compose.core.DockerCli   :  09f376ebb190 Downloading [=========>                                         ]  5.618MB/29.15MB
2024-06-13T14:58:20.724+07:00  INFO 19972 --- [utReader-stderr] o.s.boot.docker.compose.core.DockerCli   :  accd4903f49a Downloading [==================>                                ]  2.923MB/8.069MB
2024-06-13T14:58:20.809+07:00  INFO 19972 --- [utReader-stderr] o.s.boot.docker.compose.core.DockerCli   :  09f376ebb190 Downloading [==========>                                        ]  5.913MB/29.15MB
2024-06-13T14:58:20.852+07:00  INFO 19972 --- [utReader-stderr] o.s.boot.docker.compose.core.DockerCli   :  accd4903f49a Downloading [====================>                              ]   3.25MB/8.069MB
2024-06-13T14:58:20.963+07:00  INFO 19972 --- [utReader-stderr] o.s.boot.docker.compose.core.DockerCli   :  accd4903f49a Downloading [======================>                            ]  3.668MB/8.069MB
2024-06-13T14:58:21.019+07:00  INFO 19972 --- [utReader-stderr] o.s.boot.docker.compose.core.DockerCli   :  09f376ebb190 Downloading [===========>                                       ]  6.503MB/29.15MB
2024-06-13T14:58:21.078+07:00  INFO 19972 --- [utReader-stderr] o.s.boot.docker.compose.core.DockerCli   :  accd4903f49a Downloading [========================>                          ]  3.914MB/8.069MB
2024-06-13T14:58:21.154+07:00  INFO 19972 --- [utReader-stderr] o.s.boot.docker.compose.core.DockerCli   :  09f376ebb190 Downloading [===========>                                       ]  6.798MB/29.15MB
2024-06-13T14:58:21.205+07:00  INFO 19972 --- [utReader-stderr] o.s.boot.docker.compose.core.DockerCli   :  accd4903f49a Downloading [==========================>                        ]  4.254MB/8.069MB
2024-06-13T14:58:21.273+07:00  INFO 19972 --- [utReader-stderr] o.s.boot.docker.compose.core.DockerCli   :  09f376ebb190 Downloading [============>                                      ]  7.093MB/29.15MB
2024-06-13T14:58:21.330+07:00  INFO 19972 --- [utReader-stderr] o.s.boot.docker.compose.core.DockerCli   :  accd4903f49a Downloading [============================>                      ]  4.582MB/8.069MB
2024-06-13T14:58:21.403+07:00  INFO 19972 --- [utReader-stderr] o.s.boot.docker.compose.core.DockerCli   :  09f376ebb190 Downloading [============>                                      ]  7.387MB/29.15MB
2024-06-13T14:58:21.451+07:00  INFO 19972 --- [utReader-stderr] o.s.boot.docker.compose.core.DockerCli   :  accd4903f49a Downloading [==============================>                    ]  4.909MB/8.069MB
2024-06-13T14:58:21.517+07:00  INFO 19972 --- [utReader-stderr] o.s.boot.docker.compose.core.DockerCli   :  09f376ebb190 Downloading [=============>                                     ]  7.682MB/29.15MB
2024-06-13T14:58:21.531+07:00  INFO 19972 --- [utReader-stderr] o.s.boot.docker.compose.core.DockerCli   :  2016ff8e6e3a Downloading [>                                                  ]  13.04kB/1.196MB
2024-06-13T14:58:21.595+07:00  INFO 19972 --- [utReader-stderr] o.s.boot.docker.compose.core.DockerCli   :  accd4903f49a Downloading [================================>                  ]  5.249MB/8.069MB
2024-06-13T14:58:21.644+07:00  INFO 19972 --- [utReader-stderr] o.s.boot.docker.compose.core.DockerCli   :  2016ff8e6e3a Downloading [==========>                                        ]  261.4kB/1.196MB
2024-06-13T14:58:21.715+07:00  INFO 19972 --- [utReader-stderr] o.s.boot.docker.compose.core.DockerCli   :  accd4903f49a Downloading [=================================>                 ]  5.331MB/8.069MB
2024-06-13T14:58:21.744+07:00  INFO 19972 --- [utReader-stderr] o.s.boot.docker.compose.core.DockerCli   :  2016ff8e6e3a Downloading [==========================>                        ]  638.2kB/1.196MB
2024-06-13T14:58:21.821+07:00  INFO 19972 --- [utReader-stderr] o.s.boot.docker.compose.core.DockerCli   :  accd4903f49a Downloading [=================================>                 ]  5.413MB/8.069MB
2024-06-13T14:58:21.854+07:00  INFO 19972 --- [utReader-stderr] o.s.boot.docker.compose.core.DockerCli   :  2016ff8e6e3a Downloading [=========================================>         ]  998.6kB/1.196MB
2024-06-13T14:58:21.863+07:00  INFO 19972 --- [utReader-stderr] o.s.boot.docker.compose.core.DockerCli   :  09f376ebb190 Downloading [=============>                                     ]  7.977MB/29.15MB
2024-06-13T14:58:21.925+07:00  INFO 19972 --- [utReader-stderr] o.s.boot.docker.compose.core.DockerCli   :  accd4903f49a Downloading [==================================>                ]  5.577MB/8.069MB
2024-06-13T14:58:21.954+07:00  INFO 19972 --- [utReader-stderr] o.s.boot.docker.compose.core.DockerCli   :  2016ff8e6e3a Downloading [=================================================> ]  1.182MB/1.196MB
2024-06-13T14:58:21.964+07:00  INFO 19972 --- [utReader-stderr] o.s.boot.docker.compose.core.DockerCli   :  2016ff8e6e3a Download complete 
2024-06-13T14:58:22.017+07:00  INFO 19972 --- [utReader-stderr] o.s.boot.docker.compose.core.DockerCli   :  09f376ebb190 Downloading [==============>                                    ]  8.272MB/29.15MB
2024-06-13T14:58:22.085+07:00  INFO 19972 --- [utReader-stderr] o.s.boot.docker.compose.core.DockerCli   :  accd4903f49a Downloading [====================================>              ]  5.905MB/8.069MB
2024-06-13T14:58:22.184+07:00  INFO 19972 --- [utReader-stderr] o.s.boot.docker.compose.core.DockerCli   :  09f376ebb190 Downloading [==============>                                    ]  8.579MB/29.15MB
2024-06-13T14:58:22.201+07:00  INFO 19972 --- [utReader-stderr] o.s.boot.docker.compose.core.DockerCli   :  accd4903f49a Downloading [======================================>            ]  6.232MB/8.069MB
2024-06-13T14:58:22.287+07:00  INFO 19972 --- [utReader-stderr] o.s.boot.docker.compose.core.DockerCli   :  09f376ebb190 Downloading [===============>                                   ]  8.874MB/29.15MB
2024-06-13T14:58:22.305+07:00  INFO 19972 --- [utReader-stderr] o.s.boot.docker.compose.core.DockerCli   :  accd4903f49a Downloading [========================================>          ]   6.56MB/8.069MB
2024-06-13T14:58:22.414+07:00  INFO 19972 --- [utReader-stderr] o.s.boot.docker.compose.core.DockerCli   :  accd4903f49a Downloading [==========================================>        ]    6.9MB/8.069MB
2024-06-13T14:58:22.506+07:00  INFO 19972 --- [utReader-stderr] o.s.boot.docker.compose.core.DockerCli   :  09f376ebb190 Downloading [================>                                  ]  9.464MB/29.15MB
2024-06-13T14:58:22.540+07:00  INFO 19972 --- [utReader-stderr] o.s.boot.docker.compose.core.DockerCli   :  accd4903f49a Downloading [===========================================>       ]  7.064MB/8.069MB
2024-06-13T14:58:22.670+07:00  INFO 19972 --- [utReader-stderr] o.s.boot.docker.compose.core.DockerCli   :  accd4903f49a Downloading [==============================================>    ]  7.473MB/8.069MB
2024-06-13T14:58:22.735+07:00  INFO 19972 --- [utReader-stderr] o.s.boot.docker.compose.core.DockerCli   :  09f376ebb190 Downloading [=================>                                 ]  10.05MB/29.15MB
2024-06-13T14:58:22.781+07:00  INFO 19972 --- [utReader-stderr] o.s.boot.docker.compose.core.DockerCli   :  accd4903f49a Downloading [==============================================>    ]  7.564MB/8.069MB
2024-06-13T14:58:22.850+07:00  INFO 19972 --- [utReader-stderr] o.s.boot.docker.compose.core.DockerCli   :  09f376ebb190 Downloading [=================>                                 ]  10.35MB/29.15MB
2024-06-13T14:58:22.893+07:00  INFO 19972 --- [utReader-stderr] o.s.boot.docker.compose.core.DockerCli   :  accd4903f49a Downloading [================================================>  ]  7.809MB/8.069MB
2024-06-13T14:58:22.955+07:00  INFO 19972 --- [utReader-stderr] o.s.boot.docker.compose.core.DockerCli   :  09f376ebb190 Downloading [==================>                                ]  10.64MB/29.15MB
2024-06-13T14:58:23.039+07:00  INFO 19972 --- [utReader-stderr] o.s.boot.docker.compose.core.DockerCli   :  accd4903f49a Downloading [=================================================> ]  8.055MB/8.069MB
2024-06-13T14:58:23.039+07:00  INFO 19972 --- [utReader-stderr] o.s.boot.docker.compose.core.DockerCli   :  accd4903f49a Downloading [==================================================>]  8.069MB/8.069MB
2024-06-13T14:58:23.039+07:00  INFO 19972 --- [utReader-stderr] o.s.boot.docker.compose.core.DockerCli   :  accd4903f49a Download complete 
2024-06-13T14:58:23.110+07:00  INFO 19972 --- [utReader-stderr] o.s.boot.docker.compose.core.DockerCli   :  09f376ebb190 Downloading [===================>                               ]  11.23MB/29.15MB
2024-06-13T14:58:23.255+07:00  INFO 19972 --- [utReader-stderr] o.s.boot.docker.compose.core.DockerCli   :  09f376ebb190 Downloading [====================>                              ]  11.82MB/29.15MB
2024-06-13T14:58:23.363+07:00  INFO 19972 --- [utReader-stderr] o.s.boot.docker.compose.core.DockerCli   :  088e651df7e9 Downloading [==================================================>]     116B/116B
2024-06-13T14:58:23.363+07:00  INFO 19972 --- [utReader-stderr] o.s.boot.docker.compose.core.DockerCli   :  088e651df7e9 Verifying Checksum 
2024-06-13T14:58:23.363+07:00  INFO 19972 --- [utReader-stderr] o.s.boot.docker.compose.core.DockerCli   :  088e651df7e9 Download complete 
2024-06-13T14:58:23.410+07:00  INFO 19972 --- [utReader-stderr] o.s.boot.docker.compose.core.DockerCli   :  09f376ebb190 Downloading [=====================>                             ]  12.43MB/29.15MB
2024-06-13T14:58:23.534+07:00  INFO 19972 --- [utReader-stderr] o.s.boot.docker.compose.core.DockerCli   :  09f376ebb190 Downloading [======================>                            ]  13.02MB/29.15MB
2024-06-13T14:58:23.710+07:00  INFO 19972 --- [utReader-stderr] o.s.boot.docker.compose.core.DockerCli   :  09f376ebb190 Downloading [=======================>                           ]  13.61MB/29.15MB
2024-06-13T14:58:23.858+07:00  INFO 19972 --- [utReader-stderr] o.s.boot.docker.compose.core.DockerCli   :  09f376ebb190 Downloading [========================>                          ]  14.21MB/29.15MB
2024-06-13T14:58:23.976+07:00  INFO 19972 --- [utReader-stderr] o.s.boot.docker.compose.core.DockerCli   :  09f376ebb190 Downloading [=========================>                         ]  14.81MB/29.15MB
2024-06-13T14:58:24.094+07:00  INFO 19972 --- [utReader-stderr] o.s.boot.docker.compose.core.DockerCli   :  09f376ebb190 Downloading [==========================>                        ]   15.4MB/29.15MB
2024-06-13T14:58:24.220+07:00  INFO 19972 --- [utReader-stderr] o.s.boot.docker.compose.core.DockerCli   :  09f376ebb190 Downloading [===========================>                       ]  15.99MB/29.15MB
2024-06-13T14:58:24.338+07:00  INFO 19972 --- [utReader-stderr] o.s.boot.docker.compose.core.DockerCli   :  09f376ebb190 Downloading [============================>                      ]  16.59MB/29.15MB
2024-06-13T14:58:24.522+07:00  INFO 19972 --- [utReader-stderr] o.s.boot.docker.compose.core.DockerCli   :  09f376ebb190 Downloading [=============================>                     ]  17.18MB/29.15MB
2024-06-13T14:58:24.646+07:00  INFO 19972 --- [utReader-stderr] o.s.boot.docker.compose.core.DockerCli   :  09f376ebb190 Downloading [==============================>                    ]  18.07MB/29.15MB
2024-06-13T14:58:24.671+07:00  INFO 19972 --- [utReader-stderr] o.s.boot.docker.compose.core.DockerCli   :  ed155773e5e0 Downloading [===========>                                       ]     720B/3.14kB
2024-06-13T14:58:24.715+07:00  INFO 19972 --- [utReader-stderr] o.s.boot.docker.compose.core.DockerCli   :  ed155773e5e0 Downloading [==================================================>]   3.14kB/3.14kB
2024-06-13T14:58:24.717+07:00  INFO 19972 --- [utReader-stderr] o.s.boot.docker.compose.core.DockerCli   :  ed155773e5e0 Verifying Checksum 
2024-06-13T14:58:24.717+07:00  INFO 19972 --- [utReader-stderr] o.s.boot.docker.compose.core.DockerCli   :  ed155773e5e0 Download complete 
2024-06-13T14:58:24.762+07:00  INFO 19972 --- [utReader-stderr] o.s.boot.docker.compose.core.DockerCli   :  09f376ebb190 Downloading [================================>                  ]  18.66MB/29.15MB
2024-06-13T14:58:24.873+07:00  INFO 19972 --- [utReader-stderr] o.s.boot.docker.compose.core.DockerCli   :  09f376ebb190 Downloading [=================================>                 ]  19.25MB/29.15MB
2024-06-13T14:58:25.257+07:00  INFO 19972 --- [utReader-stderr] o.s.boot.docker.compose.core.DockerCli   :  09f376ebb190 Downloading [==================================>                ]  19.84MB/29.15MB
2024-06-13T14:58:25.319+07:00  INFO 19972 --- [utReader-stderr] o.s.boot.docker.compose.core.DockerCli   :  ffebb35d2904 Downloading [>                                                  ]  540.7kB/109MB
2024-06-13T14:58:25.396+07:00  INFO 19972 --- [utReader-stderr] o.s.boot.docker.compose.core.DockerCli   :  09f376ebb190 Downloading [==================================>                ]  20.13MB/29.15MB
2024-06-13T14:58:25.453+07:00  INFO 19972 --- [utReader-stderr] o.s.boot.docker.compose.core.DockerCli   :  ffebb35d2904 Downloading [>                                                  ]  1.072MB/109MB
2024-06-13T14:58:25.555+07:00  INFO 19972 --- [utReader-stderr] o.s.boot.docker.compose.core.DockerCli   :  09f376ebb190 Downloading [===================================>               ]  20.43MB/29.15MB
2024-06-13T14:58:25.607+07:00  INFO 19972 --- [utReader-stderr] o.s.boot.docker.compose.core.DockerCli   :  ffebb35d2904 Downloading [>                                                  ]  1.613MB/109MB
2024-06-13T14:58:25.660+07:00  INFO 19972 --- [utReader-stderr] o.s.boot.docker.compose.core.DockerCli   :  09f376ebb190 Downloading [===================================>               ]  20.72MB/29.15MB
2024-06-13T14:58:25.962+07:00  INFO 19972 --- [utReader-stderr] o.s.boot.docker.compose.core.DockerCli   :  ffebb35d2904 Downloading [>                                                  ]   2.14MB/109MB
2024-06-13T14:58:26.013+07:00  INFO 19972 --- [utReader-stderr] o.s.boot.docker.compose.core.DockerCli   :  09f376ebb190 Downloading [====================================>              ]  21.03MB/29.15MB
2024-06-13T14:58:26.199+07:00  INFO 19972 --- [utReader-stderr] o.s.boot.docker.compose.core.DockerCli   :  ffebb35d2904 Downloading [=>                                                 ]  3.222MB/109MB
2024-06-13T14:58:26.349+07:00  INFO 19972 --- [utReader-stderr] o.s.boot.docker.compose.core.DockerCli   :  ffebb35d2904 Downloading [=>                                                 ]  3.762MB/109MB
2024-06-13T14:58:26.429+07:00  INFO 19972 --- [utReader-stderr] o.s.boot.docker.compose.core.DockerCli   :  09f376ebb190 Downloading [=====================================>             ]  21.62MB/29.15MB
2024-06-13T14:58:26.504+07:00  INFO 19972 --- [utReader-stderr] o.s.boot.docker.compose.core.DockerCli   :  ffebb35d2904 Downloading [=>                                                 ]  4.303MB/109MB
2024-06-13T14:58:26.647+07:00  INFO 19972 --- [utReader-stderr] o.s.boot.docker.compose.core.DockerCli   :  ffebb35d2904 Downloading [==>                                                ]  4.844MB/109MB
2024-06-13T14:58:26.655+07:00  INFO 19972 --- [utReader-stderr] o.s.boot.docker.compose.core.DockerCli   :  09f376ebb190 Downloading [======================================>            ]  22.52MB/29.15MB
2024-06-13T14:58:26.788+07:00  INFO 19972 --- [utReader-stderr] o.s.boot.docker.compose.core.DockerCli   :  ffebb35d2904 Downloading [==>                                                ]  5.384MB/109MB
2024-06-13T14:58:26.896+07:00  INFO 19972 --- [utReader-stderr] o.s.boot.docker.compose.core.DockerCli   :  293f0bec643a Downloading [===>                                               ]     720B/9.912kB
2024-06-13T14:58:26.898+07:00  INFO 19972 --- [utReader-stderr] o.s.boot.docker.compose.core.DockerCli   :  293f0bec643a Download complete 
2024-06-13T14:58:26.909+07:00  INFO 19972 --- [utReader-stderr] o.s.boot.docker.compose.core.DockerCli   :  ffebb35d2904 Downloading [==>                                                ]  5.925MB/109MB
2024-06-13T14:58:26.943+07:00  INFO 19972 --- [utReader-stderr] o.s.boot.docker.compose.core.DockerCli   :  09f376ebb190 Downloading [=======================================>           ]  22.81MB/29.15MB
2024-06-13T14:58:27.025+07:00  INFO 19972 --- [utReader-stderr] o.s.boot.docker.compose.core.DockerCli   :  ffebb35d2904 Downloading [==>                                                ]  6.466MB/109MB
2024-06-13T14:58:27.088+07:00  INFO 19972 --- [utReader-stderr] o.s.boot.docker.compose.core.DockerCli   :  09f376ebb190 Downloading [=======================================>           ]  23.11MB/29.15MB
2024-06-13T14:58:27.137+07:00  INFO 19972 --- [utReader-stderr] o.s.boot.docker.compose.core.DockerCli   :  ffebb35d2904 Downloading [===>                                               ]  7.002MB/109MB
2024-06-13T14:58:27.227+07:00  INFO 19972 --- [utReader-stderr] o.s.boot.docker.compose.core.DockerCli   :  09f376ebb190 Downloading [========================================>          ]   23.4MB/29.15MB
2024-06-13T14:58:27.249+07:00  INFO 19972 --- [utReader-stderr] o.s.boot.docker.compose.core.DockerCli   :  ffebb35d2904 Downloading [===>                                               ]  7.543MB/109MB
2024-06-13T14:58:27.415+07:00  INFO 19972 --- [utReader-stderr] o.s.boot.docker.compose.core.DockerCli   :  ffebb35d2904 Downloading [===>                                               ]  8.084MB/109MB
2024-06-13T14:58:27.456+07:00  INFO 19972 --- [utReader-stderr] o.s.boot.docker.compose.core.DockerCli   :  09f376ebb190 Downloading [=========================================>         ]     24MB/29.15MB
2024-06-13T14:58:27.518+07:00  INFO 19972 --- [utReader-stderr] o.s.boot.docker.compose.core.DockerCli   :  ffebb35d2904 Downloading [===>                                               ]  8.624MB/109MB
2024-06-13T14:58:27.645+07:00  INFO 19972 --- [utReader-stderr] o.s.boot.docker.compose.core.DockerCli   :  ffebb35d2904 Downloading [====>                                              ]  9.165MB/109MB
2024-06-13T14:58:27.762+07:00  INFO 19972 --- [utReader-stderr] o.s.boot.docker.compose.core.DockerCli   :  ffebb35d2904 Downloading [====>                                              ]  9.706MB/109MB
2024-06-13T14:58:27.872+07:00  INFO 19972 --- [utReader-stderr] o.s.boot.docker.compose.core.DockerCli   :  09f376ebb190 Downloading [=========================================>         ]   24.3MB/29.15MB
2024-06-13T14:58:27.995+07:00  INFO 19972 --- [utReader-stderr] o.s.boot.docker.compose.core.DockerCli   :  ffebb35d2904 Downloading [====>                                              ]  10.25MB/109MB
2024-06-13T14:58:28.065+07:00  INFO 19972 --- [utReader-stderr] o.s.boot.docker.compose.core.DockerCli   :  09f376ebb190 Downloading [==========================================>        ]  24.89MB/29.15MB
2024-06-13T14:58:28.211+07:00  INFO 19972 --- [utReader-stderr] o.s.boot.docker.compose.core.DockerCli   :  ffebb35d2904 Downloading [=====>                                             ]  11.32MB/109MB
2024-06-13T14:58:28.327+07:00  INFO 19972 --- [utReader-stderr] o.s.boot.docker.compose.core.DockerCli   :  09f376ebb190 Downloading [===========================================>       ]  25.48MB/29.15MB
2024-06-13T14:58:28.348+07:00  INFO 19972 --- [utReader-stderr] o.s.boot.docker.compose.core.DockerCli   :  ffebb35d2904 Downloading [=====>                                             ]  11.86MB/109MB
2024-06-13T14:58:28.464+07:00  INFO 19972 --- [utReader-stderr] o.s.boot.docker.compose.core.DockerCli   :  09f376ebb190 Downloading [============================================>      ]  25.77MB/29.15MB
2024-06-13T14:58:28.555+07:00  INFO 19972 --- [utReader-stderr] o.s.boot.docker.compose.core.DockerCli   :  ffebb35d2904 Downloading [=====>                                             ]   12.4MB/109MB
2024-06-13T14:58:28.602+07:00  INFO 19972 --- [utReader-stderr] o.s.boot.docker.compose.core.DockerCli   :  09f376ebb190 Downloading [============================================>      ]  26.07MB/29.15MB
2024-06-13T14:58:28.706+07:00  INFO 19972 --- [utReader-stderr] o.s.boot.docker.compose.core.DockerCli   :  ffebb35d2904 Downloading [=====>                                             ]  12.94MB/109MB
2024-06-13T14:58:28.798+07:00  INFO 19972 --- [utReader-stderr] o.s.boot.docker.compose.core.DockerCli   :  09f376ebb190 Downloading [=============================================>     ]  26.36MB/29.15MB
2024-06-13T14:58:28.856+07:00  INFO 19972 --- [utReader-stderr] o.s.boot.docker.compose.core.DockerCli   :  ffebb35d2904 Downloading [======>                                            ]  13.48MB/109MB
2024-06-13T14:58:29.041+07:00  INFO 19972 --- [utReader-stderr] o.s.boot.docker.compose.core.DockerCli   :  ffebb35d2904 Downloading [======>                                            ]  14.02MB/109MB
2024-06-13T14:58:29.063+07:00  INFO 19972 --- [utReader-stderr] o.s.boot.docker.compose.core.DockerCli   :  09f376ebb190 Downloading [=============================================>     ]  26.66MB/29.15MB
2024-06-13T14:58:29.217+07:00  INFO 19972 --- [utReader-stderr] o.s.boot.docker.compose.core.DockerCli   :  ffebb35d2904 Downloading [======>                                            ]  14.56MB/109MB
2024-06-13T14:58:29.225+07:00  INFO 19972 --- [utReader-stderr] o.s.boot.docker.compose.core.DockerCli   :  09f376ebb190 Downloading [==============================================>    ]  26.95MB/29.15MB
2024-06-13T14:58:29.404+07:00  INFO 19972 --- [utReader-stderr] o.s.boot.docker.compose.core.DockerCli   :  1655a257a5b5 Downloading [==================================================>]     127B/127B
2024-06-13T14:58:29.404+07:00  INFO 19972 --- [utReader-stderr] o.s.boot.docker.compose.core.DockerCli   :  1655a257a5b5 Download complete 
2024-06-13T14:58:29.408+07:00  INFO 19972 --- [utReader-stderr] o.s.boot.docker.compose.core.DockerCli   :  ffebb35d2904 Downloading [======>                                            ]   15.1MB/109MB
2024-06-13T14:58:29.533+07:00  INFO 19972 --- [utReader-stderr] o.s.boot.docker.compose.core.DockerCli   :  ffebb35d2904 Downloading [=======>                                           ]  15.64MB/109MB
2024-06-13T14:58:29.648+07:00  INFO 19972 --- [utReader-stderr] o.s.boot.docker.compose.core.DockerCli   :  ffebb35d2904 Downloading [=======>                                           ]  16.18MB/109MB
2024-06-13T14:58:29.729+07:00  INFO 19972 --- [utReader-stderr] o.s.boot.docker.compose.core.DockerCli   :  09f376ebb190 Downloading [==============================================>    ]  27.25MB/29.15MB
2024-06-13T14:58:29.786+07:00  INFO 19972 --- [utReader-stderr] o.s.boot.docker.compose.core.DockerCli   :  ffebb35d2904 Downloading [=======>                                           ]  16.71MB/109MB
2024-06-13T14:58:29.902+07:00  INFO 19972 --- [utReader-stderr] o.s.boot.docker.compose.core.DockerCli   :  09f376ebb190 Downloading [===============================================>   ]  27.54MB/29.15MB
2024-06-13T14:58:30.137+07:00  INFO 19972 --- [utReader-stderr] o.s.boot.docker.compose.core.DockerCli   :  ffebb35d2904 Downloading [=======>                                           ]  17.25MB/109MB
2024-06-13T14:58:30.243+07:00  INFO 19972 --- [utReader-stderr] o.s.boot.docker.compose.core.DockerCli   :  09f376ebb190 Downloading [===============================================>   ]  27.84MB/29.15MB
2024-06-13T14:58:30.263+07:00  INFO 19972 --- [utReader-stderr] o.s.boot.docker.compose.core.DockerCli   :  ffebb35d2904 Downloading [========>                                          ]  18.31MB/109MB
2024-06-13T14:58:30.445+07:00  INFO 19972 --- [utReader-stderr] o.s.boot.docker.compose.core.DockerCli   :  ffebb35d2904 Downloading [========>                                          ]  18.84MB/109MB
2024-06-13T14:58:30.536+07:00  INFO 19972 --- [utReader-stderr] o.s.boot.docker.compose.core.DockerCli   :  09f376ebb190 Downloading [================================================>  ]  28.13MB/29.15MB
2024-06-13T14:58:30.578+07:00  INFO 19972 --- [utReader-stderr] o.s.boot.docker.compose.core.DockerCli   :  ffebb35d2904 Downloading [========>                                          ]  19.38MB/109MB
2024-06-13T14:58:30.709+07:00  INFO 19972 --- [utReader-stderr] o.s.boot.docker.compose.core.DockerCli   :  ffebb35d2904 Downloading [=========>                                         ]  19.92MB/109MB
2024-06-13T14:58:30.842+07:00  INFO 19972 --- [utReader-stderr] o.s.boot.docker.compose.core.DockerCli   :  09f376ebb190 Downloading [================================================>  ]  28.43MB/29.15MB
2024-06-13T14:58:30.953+07:00  INFO 19972 --- [utReader-stderr] o.s.boot.docker.compose.core.DockerCli   :  ffebb35d2904 Downloading [=========>                                         ]  20.45MB/109MB
2024-06-13T14:58:31.076+07:00  INFO 19972 --- [utReader-stderr] o.s.boot.docker.compose.core.DockerCli   :  09f376ebb190 Downloading [=================================================> ]  28.72MB/29.15MB
2024-06-13T14:58:31.171+07:00  INFO 19972 --- [utReader-stderr] o.s.boot.docker.compose.core.DockerCli   :  ffebb35d2904 Downloading [==========>                                        ]  22.06MB/109MB
2024-06-13T14:58:31.297+07:00  INFO 19972 --- [utReader-stderr] o.s.boot.docker.compose.core.DockerCli   :  ffebb35d2904 Downloading [==========>                                        ]   22.6MB/109MB
2024-06-13T14:58:31.352+07:00  INFO 19972 --- [utReader-stderr] o.s.boot.docker.compose.core.DockerCli   :  09f376ebb190 Downloading [=================================================> ]  29.02MB/29.15MB
2024-06-13T14:58:31.456+07:00  INFO 19972 --- [utReader-stderr] o.s.boot.docker.compose.core.DockerCli   :  09f376ebb190 Verifying Checksum 
2024-06-13T14:58:31.456+07:00  INFO 19972 --- [utReader-stderr] o.s.boot.docker.compose.core.DockerCli   :  09f376ebb190 Download complete 
2024-06-13T14:58:31.463+07:00  INFO 19972 --- [utReader-stderr] o.s.boot.docker.compose.core.DockerCli   :  ffebb35d2904 Downloading [==========>                                        ]  23.68MB/109MB
2024-06-13T14:58:31.558+07:00  INFO 19972 --- [utReader-stderr] o.s.boot.docker.compose.core.DockerCli   :  09f376ebb190 Extracting [>                                                  ]  294.9kB/29.15MB
2024-06-13T14:58:31.631+07:00  INFO 19972 --- [utReader-stderr] o.s.boot.docker.compose.core.DockerCli   :  4ddba458499d Downloading [==================================================>]     168B/168B
2024-06-13T14:58:31.631+07:00  INFO 19972 --- [utReader-stderr] o.s.boot.docker.compose.core.DockerCli   :  4ddba458499d Verifying Checksum 
2024-06-13T14:58:31.631+07:00  INFO 19972 --- [utReader-stderr] o.s.boot.docker.compose.core.DockerCli   :  4ddba458499d Download complete 
2024-06-13T14:58:31.660+07:00  INFO 19972 --- [utReader-stderr] o.s.boot.docker.compose.core.DockerCli   :  09f376ebb190 Extracting [===>                                               ]  2.064MB/29.15MB
2024-06-13T14:58:31.662+07:00  INFO 19972 --- [utReader-stderr] o.s.boot.docker.compose.core.DockerCli   :  ffebb35d2904 Downloading [===========>                                       ]  24.76MB/109MB
2024-06-13T14:58:31.769+07:00  INFO 19972 --- [utReader-stderr] o.s.boot.docker.compose.core.DockerCli   :  09f376ebb190 Extracting [=======>                                           ]  4.424MB/29.15MB
2024-06-13T14:58:31.850+07:00  INFO 19972 --- [utReader-stderr] o.s.boot.docker.compose.core.DockerCli   :  ffebb35d2904 Downloading [===========>                                       ]  25.84MB/109MB
2024-06-13T14:58:31.874+07:00  INFO 19972 --- [utReader-stderr] o.s.boot.docker.compose.core.DockerCli   :  09f376ebb190 Extracting [===========>                                       ]  6.783MB/29.15MB
2024-06-13T14:58:31.984+07:00  INFO 19972 --- [utReader-stderr] o.s.boot.docker.compose.core.DockerCli   :  09f376ebb190 Extracting [===============>                                   ]  8.847MB/29.15MB
2024-06-13T14:58:32.034+07:00  INFO 19972 --- [utReader-stderr] o.s.boot.docker.compose.core.DockerCli   :  ffebb35d2904 Downloading [============>                                      ]  26.92MB/109MB
2024-06-13T14:58:32.124+07:00  INFO 19972 --- [utReader-stderr] o.s.boot.docker.compose.core.DockerCli   :  09f376ebb190 Extracting [================>                                  ]  9.732MB/29.15MB
2024-06-13T14:58:32.199+07:00  INFO 19972 --- [utReader-stderr] o.s.boot.docker.compose.core.DockerCli   :  ffebb35d2904 Downloading [============>                                      ]  27.99MB/109MB
2024-06-13T14:58:32.237+07:00  INFO 19972 --- [utReader-stderr] o.s.boot.docker.compose.core.DockerCli   :  09f376ebb190 Extracting [====================>                              ]   11.8MB/29.15MB
2024-06-13T14:58:32.339+07:00  INFO 19972 --- [utReader-stderr] o.s.boot.docker.compose.core.DockerCli   :  09f376ebb190 Extracting [============================>                      ]  16.81MB/29.15MB
2024-06-13T14:58:32.383+07:00  INFO 19972 --- [utReader-stderr] o.s.boot.docker.compose.core.DockerCli   :  ffebb35d2904 Downloading [=============>                                     ]  29.08MB/109MB
2024-06-13T14:58:32.440+07:00  INFO 19972 --- [utReader-stderr] o.s.boot.docker.compose.core.DockerCli   :  09f376ebb190 Extracting [====================================>              ]  21.23MB/29.15MB
2024-06-13T14:58:32.557+07:00  INFO 19972 --- [utReader-stderr] o.s.boot.docker.compose.core.DockerCli   :  09f376ebb190 Extracting [=========================================>         ]  24.48MB/29.15MB
2024-06-13T14:58:32.572+07:00  INFO 19972 --- [utReader-stderr] o.s.boot.docker.compose.core.DockerCli   :  ffebb35d2904 Downloading [=============>                                     ]  30.15MB/109MB
2024-06-13T14:58:32.750+07:00  INFO 19972 --- [utReader-stderr] o.s.boot.docker.compose.core.DockerCli   :  ffebb35d2904 Downloading [==============>                                    ]  31.22MB/109MB
2024-06-13T14:58:32.783+07:00  INFO 19972 --- [utReader-stderr] o.s.boot.docker.compose.core.DockerCli   :  09f376ebb190 Extracting [==========================================>        ]  24.77MB/29.15MB
2024-06-13T14:58:32.861+07:00  INFO 19972 --- [utReader-stderr] o.s.boot.docker.compose.core.DockerCli   :  ffebb35d2904 Downloading [==============>                                    ]  31.76MB/109MB
2024-06-13T14:58:32.891+07:00  INFO 19972 --- [utReader-stderr] o.s.boot.docker.compose.core.DockerCli   :  09f376ebb190 Extracting [===============================================>   ]  27.43MB/29.15MB
2024-06-13T14:58:33.000+07:00  INFO 19972 --- [utReader-stderr] o.s.boot.docker.compose.core.DockerCli   :  09f376ebb190 Extracting [===============================================>   ]  27.72MB/29.15MB
2024-06-13T14:58:33.106+07:00  INFO 19972 --- [utReader-stderr] o.s.boot.docker.compose.core.DockerCli   :  09f376ebb190 Extracting [================================================>  ]  28.02MB/29.15MB
2024-06-13T14:58:33.143+07:00  INFO 19972 --- [utReader-stderr] o.s.boot.docker.compose.core.DockerCli   :  90e48ae03559 Downloading [======>                                            ]     720B/5.415kB
2024-06-13T14:58:33.143+07:00  INFO 19972 --- [utReader-stderr] o.s.boot.docker.compose.core.DockerCli   :  ffebb35d2904 Downloading [==============>                                    ]   32.3MB/109MB
2024-06-13T14:58:33.145+07:00  INFO 19972 --- [utReader-stderr] o.s.boot.docker.compose.core.DockerCli   :  90e48ae03559 Downloading [==================================================>]  5.415kB/5.415kB
2024-06-13T14:58:33.145+07:00  INFO 19972 --- [utReader-stderr] o.s.boot.docker.compose.core.DockerCli   :  90e48ae03559 Verifying Checksum 
2024-06-13T14:58:33.145+07:00  INFO 19972 --- [utReader-stderr] o.s.boot.docker.compose.core.DockerCli   :  90e48ae03559 Download complete 
2024-06-13T14:58:33.311+07:00  INFO 19972 --- [utReader-stderr] o.s.boot.docker.compose.core.DockerCli   :  ffebb35d2904 Downloading [===============>                                   ]  34.45MB/109MB
2024-06-13T14:58:33.422+07:00  INFO 19972 --- [utReader-stderr] o.s.boot.docker.compose.core.DockerCli   :  ffebb35d2904 Downloading [================>                                  ]  34.99MB/109MB
2024-06-13T14:58:33.507+07:00  INFO 19972 --- [utReader-stderr] o.s.boot.docker.compose.core.DockerCli   :  09f376ebb190 Extracting [================================================>  ]  28.31MB/29.15MB
2024-06-13T14:58:33.527+07:00  INFO 19972 --- [utReader-stderr] o.s.boot.docker.compose.core.DockerCli   :  ffebb35d2904 Downloading [================>                                  ]  35.53MB/109MB
2024-06-13T14:58:33.627+07:00  INFO 19972 --- [utReader-stderr] o.s.boot.docker.compose.core.DockerCli   :  ffebb35d2904 Downloading [================>                                  ]  36.06MB/109MB
2024-06-13T14:58:33.704+07:00  INFO 19972 --- [utReader-stderr] o.s.boot.docker.compose.core.DockerCli   :  09f376ebb190 Extracting [==================================================>]  29.15MB/29.15MB
2024-06-13T14:58:33.735+07:00  INFO 19972 --- [utReader-stderr] o.s.boot.docker.compose.core.DockerCli   :  ffebb35d2904 Downloading [================>                                  ]   36.6MB/109MB
2024-06-13T14:58:33.750+07:00  INFO 19972 --- [utReader-stderr] o.s.boot.docker.compose.core.DockerCli   :  822c1a513e6a Downloading [==================================================>]     182B/182B
2024-06-13T14:58:33.750+07:00  INFO 19972 --- [utReader-stderr] o.s.boot.docker.compose.core.DockerCli   :  822c1a513e6a Download complete 
2024-06-13T14:58:33.776+07:00  INFO 19972 --- [utReader-stderr] o.s.boot.docker.compose.core.DockerCli   :  09f376ebb190 Pull complete 
2024-06-13T14:58:33.784+07:00  INFO 19972 --- [utReader-stderr] o.s.boot.docker.compose.core.DockerCli   :  119215dfb3e3 Extracting [==================================================>]  1.164kB/1.164kB
2024-06-13T14:58:33.792+07:00  INFO 19972 --- [utReader-stderr] o.s.boot.docker.compose.core.DockerCli   :  119215dfb3e3 Extracting [==================================================>]  1.164kB/1.164kB
2024-06-13T14:58:33.826+07:00  INFO 19972 --- [utReader-stderr] o.s.boot.docker.compose.core.DockerCli   :  119215dfb3e3 Pull complete 
2024-06-13T14:58:33.835+07:00  INFO 19972 --- [utReader-stderr] o.s.boot.docker.compose.core.DockerCli   :  e02bbc8c8252 Extracting [>                                                  ]  65.54kB/4.534MB
2024-06-13T14:58:33.836+07:00  INFO 19972 --- [utReader-stderr] o.s.boot.docker.compose.core.DockerCli   :  ffebb35d2904 Downloading [=================>                                 ]  37.13MB/109MB
2024-06-13T14:58:33.937+07:00  INFO 19972 --- [utReader-stderr] o.s.boot.docker.compose.core.DockerCli   :  e02bbc8c8252 Extracting [=======================================>           ]  3.604MB/4.534MB
2024-06-13T14:58:33.971+07:00  INFO 19972 --- [utReader-stderr] o.s.boot.docker.compose.core.DockerCli   :  ffebb35d2904 Downloading [=================>                                 ]  37.67MB/109MB
2024-06-13T14:58:33.984+07:00  INFO 19972 --- [utReader-stderr] o.s.boot.docker.compose.core.DockerCli   :  e02bbc8c8252 Extracting [==================================================>]  4.534MB/4.534MB
2024-06-13T14:58:34.056+07:00  INFO 19972 --- [utReader-stderr] o.s.boot.docker.compose.core.DockerCli   :  e02bbc8c8252 Pull complete 
2024-06-13T14:58:34.063+07:00  INFO 19972 --- [utReader-stderr] o.s.boot.docker.compose.core.DockerCli   :  061f31803c55 Extracting [=>                                                 ]  32.77kB/1.45MB
2024-06-13T14:58:34.077+07:00  INFO 19972 --- [utReader-stderr] o.s.boot.docker.compose.core.DockerCli   :  ffebb35d2904 Downloading [=================>                                 ]  38.21MB/109MB
2024-06-13T14:58:34.115+07:00  INFO 19972 --- [utReader-stderr] o.s.boot.docker.compose.core.DockerCli   :  061f31803c55 Extracting [==================================================>]   1.45MB/1.45MB
2024-06-13T14:58:34.143+07:00  INFO 19972 --- [utReader-stderr] o.s.boot.docker.compose.core.DockerCli   :  061f31803c55 Pull complete 
2024-06-13T14:58:34.154+07:00  INFO 19972 --- [utReader-stderr] o.s.boot.docker.compose.core.DockerCli   :  accd4903f49a Extracting [>                                                  ]   98.3kB/8.069MB
2024-06-13T14:58:34.177+07:00  INFO 19972 --- [utReader-stderr] o.s.boot.docker.compose.core.DockerCli   :  ffebb35d2904 Downloading [=================>                                 ]  38.75MB/109MB
2024-06-13T14:58:34.266+07:00  INFO 19972 --- [utReader-stderr] o.s.boot.docker.compose.core.DockerCli   :  accd4903f49a Extracting [==================>                                ]  2.949MB/8.069MB
2024-06-13T14:58:34.371+07:00  INFO 19972 --- [utReader-stderr] o.s.boot.docker.compose.core.DockerCli   :  accd4903f49a Extracting [==========================>                        ]  4.325MB/8.069MB
2024-06-13T14:58:34.381+07:00  INFO 19972 --- [utReader-stderr] o.s.boot.docker.compose.core.DockerCli   :  ffebb35d2904 Downloading [==================>                                ]  39.83MB/109MB
2024-06-13T14:58:34.471+07:00  INFO 19972 --- [utReader-stderr] o.s.boot.docker.compose.core.DockerCli   :  accd4903f49a Extracting [==================================>                ]  5.505MB/8.069MB
2024-06-13T14:58:34.499+07:00  INFO 19972 --- [utReader-stderr] o.s.boot.docker.compose.core.DockerCli   :  ffebb35d2904 Downloading [==================>                                ]  40.36MB/109MB
2024-06-13T14:58:34.577+07:00  INFO 19972 --- [utReader-stderr] o.s.boot.docker.compose.core.DockerCli   :  accd4903f49a Extracting [========================================>          ]  6.488MB/8.069MB
2024-06-13T14:58:34.655+07:00  INFO 19972 --- [utReader-stderr] o.s.boot.docker.compose.core.DockerCli   :  accd4903f49a Extracting [==================================================>]  8.069MB/8.069MB
2024-06-13T14:58:34.688+07:00  INFO 19972 --- [utReader-stderr] o.s.boot.docker.compose.core.DockerCli   :  ffebb35d2904 Downloading [===================>                               ]  41.43MB/109MB
2024-06-13T14:58:34.697+07:00  INFO 19972 --- [utReader-stderr] o.s.boot.docker.compose.core.DockerCli   :  accd4903f49a Pull complete 
2024-06-13T14:58:34.703+07:00  INFO 19972 --- [utReader-stderr] o.s.boot.docker.compose.core.DockerCli   :  2016ff8e6e3a Extracting [=>                                                 ]  32.77kB/1.196MB
2024-06-13T14:58:34.768+07:00  INFO 19972 --- [utReader-stderr] o.s.boot.docker.compose.core.DockerCli   :  2016ff8e6e3a Extracting [==================================================>]  1.196MB/1.196MB
2024-06-13T14:58:34.777+07:00  INFO 19972 --- [utReader-stderr] o.s.boot.docker.compose.core.DockerCli   :  2016ff8e6e3a Extracting [==================================================>]  1.196MB/1.196MB
2024-06-13T14:58:34.821+07:00  INFO 19972 --- [utReader-stderr] o.s.boot.docker.compose.core.DockerCli   :  ffebb35d2904 Downloading [===================>                               ]  42.51MB/109MB
2024-06-13T14:58:34.832+07:00  INFO 19972 --- [utReader-stderr] o.s.boot.docker.compose.core.DockerCli   :  2016ff8e6e3a Pull complete 
2024-06-13T14:58:34.840+07:00  INFO 19972 --- [utReader-stderr] o.s.boot.docker.compose.core.DockerCli   :  088e651df7e9 Extracting [==================================================>]     116B/116B
2024-06-13T14:58:34.845+07:00  INFO 19972 --- [utReader-stderr] o.s.boot.docker.compose.core.DockerCli   :  088e651df7e9 Extracting [==================================================>]     116B/116B
2024-06-13T14:58:34.871+07:00  INFO 19972 --- [utReader-stderr] o.s.boot.docker.compose.core.DockerCli   :  088e651df7e9 Pull complete 
2024-06-13T14:58:34.878+07:00  INFO 19972 --- [utReader-stderr] o.s.boot.docker.compose.core.DockerCli   :  ed155773e5e0 Extracting [==================================================>]   3.14kB/3.14kB
2024-06-13T14:58:34.882+07:00  INFO 19972 --- [utReader-stderr] o.s.boot.docker.compose.core.DockerCli   :  ed155773e5e0 Extracting [==================================================>]   3.14kB/3.14kB
2024-06-13T14:58:34.911+07:00  INFO 19972 --- [utReader-stderr] o.s.boot.docker.compose.core.DockerCli   :  ed155773e5e0 Pull complete 
2024-06-13T14:58:34.964+07:00  INFO 19972 --- [utReader-stderr] o.s.boot.docker.compose.core.DockerCli   :  ffebb35d2904 Downloading [===================>                               ]  43.59MB/109MB
2024-06-13T14:58:35.123+07:00  INFO 19972 --- [utReader-stderr] o.s.boot.docker.compose.core.DockerCli   :  ffebb35d2904 Downloading [====================>                              ]  44.67MB/109MB
2024-06-13T14:58:35.263+07:00  INFO 19972 --- [utReader-stderr] o.s.boot.docker.compose.core.DockerCli   :  ffebb35d2904 Downloading [====================>                              ]  45.75MB/109MB
2024-06-13T14:58:35.401+07:00  INFO 19972 --- [utReader-stderr] o.s.boot.docker.compose.core.DockerCli   :  ffebb35d2904 Downloading [=====================>                             ]  46.83MB/109MB
2024-06-13T14:58:35.590+07:00  INFO 19972 --- [utReader-stderr] o.s.boot.docker.compose.core.DockerCli   :  ffebb35d2904 Downloading [=====================>                             ]  47.91MB/109MB
2024-06-13T14:58:35.789+07:00  INFO 19972 --- [utReader-stderr] o.s.boot.docker.compose.core.DockerCli   :  ffebb35d2904 Downloading [======================>                            ]  48.98MB/109MB
2024-06-13T14:58:35.894+07:00  INFO 19972 --- [utReader-stderr] o.s.boot.docker.compose.core.DockerCli   :  ffebb35d2904 Downloading [======================>                            ]  49.52MB/109MB
2024-06-13T14:58:35.997+07:00  INFO 19972 --- [utReader-stderr] o.s.boot.docker.compose.core.DockerCli   :  ffebb35d2904 Downloading [======================>                            ]  50.06MB/109MB
2024-06-13T14:58:36.099+07:00  INFO 19972 --- [utReader-stderr] o.s.boot.docker.compose.core.DockerCli   :  ffebb35d2904 Downloading [=======================>                           ]   50.6MB/109MB
2024-06-13T14:58:36.203+07:00  INFO 19972 --- [utReader-stderr] o.s.boot.docker.compose.core.DockerCli   :  ffebb35d2904 Downloading [=======================>                           ]  51.14MB/109MB
2024-06-13T14:58:36.317+07:00  INFO 19972 --- [utReader-stderr] o.s.boot.docker.compose.core.DockerCli   :  ffebb35d2904 Downloading [=======================>                           ]  51.69MB/109MB
2024-06-13T14:58:36.484+07:00  INFO 19972 --- [utReader-stderr] o.s.boot.docker.compose.core.DockerCli   :  ffebb35d2904 Downloading [=======================>                           ]  52.23MB/109MB
2024-06-13T14:58:36.598+07:00  INFO 19972 --- [utReader-stderr] o.s.boot.docker.compose.core.DockerCli   :  ffebb35d2904 Downloading [========================>                          ]  52.77MB/109MB
2024-06-13T14:58:37.303+07:00  INFO 19972 --- [utReader-stderr] o.s.boot.docker.compose.core.DockerCli   :  ffebb35d2904 Downloading [========================>                          ]  53.85MB/109MB
2024-06-13T14:58:37.438+07:00  INFO 19972 --- [utReader-stderr] o.s.boot.docker.compose.core.DockerCli   :  ffebb35d2904 Downloading [=========================>                         ]  55.46MB/109MB
2024-06-13T14:58:37.541+07:00  INFO 19972 --- [utReader-stderr] o.s.boot.docker.compose.core.DockerCli   :  ffebb35d2904 Downloading [=========================>                         ]     56MB/109MB
2024-06-13T14:58:37.643+07:00  INFO 19972 --- [utReader-stderr] o.s.boot.docker.compose.core.DockerCli   :  ffebb35d2904 Downloading [=========================>                         ]  56.54MB/109MB
2024-06-13T14:58:37.894+07:00  INFO 19972 --- [utReader-stderr] o.s.boot.docker.compose.core.DockerCli   :  ffebb35d2904 Downloading [==========================>                        ]  57.08MB/109MB
2024-06-13T14:58:38.060+07:00  INFO 19972 --- [utReader-stderr] o.s.boot.docker.compose.core.DockerCli   :  ffebb35d2904 Downloading [==========================>                        ]  58.68MB/109MB
2024-06-13T14:58:38.259+07:00  INFO 19972 --- [utReader-stderr] o.s.boot.docker.compose.core.DockerCli   :  ffebb35d2904 Downloading [===========================>                       ]  59.75MB/109MB
2024-06-13T14:58:38.369+07:00  INFO 19972 --- [utReader-stderr] o.s.boot.docker.compose.core.DockerCli   :  ffebb35d2904 Downloading [===========================>                       ]  60.29MB/109MB
2024-06-13T14:58:38.608+07:00  INFO 19972 --- [utReader-stderr] o.s.boot.docker.compose.core.DockerCli   :  ffebb35d2904 Downloading [===========================>                       ]  60.83MB/109MB
2024-06-13T14:58:38.746+07:00  INFO 19972 --- [utReader-stderr] o.s.boot.docker.compose.core.DockerCli   :  ffebb35d2904 Downloading [============================>                      ]  62.99MB/109MB
2024-06-13T14:58:38.889+07:00  INFO 19972 --- [utReader-stderr] o.s.boot.docker.compose.core.DockerCli   :  ffebb35d2904 Downloading [=============================>                     ]  63.53MB/109MB
2024-06-13T14:58:39.071+07:00  INFO 19972 --- [utReader-stderr] o.s.boot.docker.compose.core.DockerCli   :  ffebb35d2904 Downloading [=============================>                     ]  64.59MB/109MB
2024-06-13T14:58:39.264+07:00  INFO 19972 --- [utReader-stderr] o.s.boot.docker.compose.core.DockerCli   :  ffebb35d2904 Downloading [==============================>                    ]  65.67MB/109MB
2024-06-13T14:58:39.374+07:00  INFO 19972 --- [utReader-stderr] o.s.boot.docker.compose.core.DockerCli   :  ffebb35d2904 Downloading [==============================>                    ]  66.21MB/109MB
2024-06-13T14:58:39.536+07:00  INFO 19972 --- [utReader-stderr] o.s.boot.docker.compose.core.DockerCli   :  ffebb35d2904 Downloading [==============================>                    ]  67.28MB/109MB
2024-06-13T14:58:39.677+07:00  INFO 19972 --- [utReader-stderr] o.s.boot.docker.compose.core.DockerCli   :  ffebb35d2904 Downloading [===============================>                   ]  68.36MB/109MB
2024-06-13T14:58:39.954+07:00  INFO 19972 --- [utReader-stderr] o.s.boot.docker.compose.core.DockerCli   :  ffebb35d2904 Downloading [===============================>                   ]  69.43MB/109MB
2024-06-13T14:58:40.086+07:00  INFO 19972 --- [utReader-stderr] o.s.boot.docker.compose.core.DockerCli   :  ffebb35d2904 Downloading [================================>                  ]  71.04MB/109MB
2024-06-13T14:58:40.230+07:00  INFO 19972 --- [utReader-stderr] o.s.boot.docker.compose.core.DockerCli   :  ffebb35d2904 Downloading [=================================>                 ]  72.12MB/109MB
2024-06-13T14:58:40.333+07:00  INFO 19972 --- [utReader-stderr] o.s.boot.docker.compose.core.DockerCli   :  ffebb35d2904 Downloading [=================================>                 ]  72.66MB/109MB
2024-06-13T14:58:40.533+07:00  INFO 19972 --- [utReader-stderr] o.s.boot.docker.compose.core.DockerCli   :  ffebb35d2904 Downloading [=================================>                 ]  73.74MB/109MB
2024-06-13T14:58:40.722+07:00  INFO 19972 --- [utReader-stderr] o.s.boot.docker.compose.core.DockerCli   :  ffebb35d2904 Downloading [==================================>                ]  74.82MB/109MB
2024-06-13T14:58:40.879+07:00  INFO 19972 --- [utReader-stderr] o.s.boot.docker.compose.core.DockerCli   :  ffebb35d2904 Downloading [==================================>                ]   75.9MB/109MB
2024-06-13T14:58:41.015+07:00  INFO 19972 --- [utReader-stderr] o.s.boot.docker.compose.core.DockerCli   :  ffebb35d2904 Downloading [===================================>               ]  76.97MB/109MB
2024-06-13T14:58:41.229+07:00  INFO 19972 --- [utReader-stderr] o.s.boot.docker.compose.core.DockerCli   :  ffebb35d2904 Downloading [===================================>               ]  78.05MB/109MB
2024-06-13T14:58:41.372+07:00  INFO 19972 --- [utReader-stderr] o.s.boot.docker.compose.core.DockerCli   :  ffebb35d2904 Downloading [====================================>              ]  79.12MB/109MB
2024-06-13T14:58:41.509+07:00  INFO 19972 --- [utReader-stderr] o.s.boot.docker.compose.core.DockerCli   :  ffebb35d2904 Downloading [====================================>              ]  80.19MB/109MB
2024-06-13T14:58:41.646+07:00  INFO 19972 --- [utReader-stderr] o.s.boot.docker.compose.core.DockerCli   :  ffebb35d2904 Downloading [=====================================>             ]  81.27MB/109MB
2024-06-13T14:58:41.812+07:00  INFO 19972 --- [utReader-stderr] o.s.boot.docker.compose.core.DockerCli   :  ffebb35d2904 Downloading [=====================================>             ]  82.35MB/109MB
2024-06-13T14:58:42.307+07:00  INFO 19972 --- [utReader-stderr] o.s.boot.docker.compose.core.DockerCli   :  ffebb35d2904 Downloading [======================================>            ]  82.89MB/109MB
2024-06-13T14:58:42.484+07:00  INFO 19972 --- [utReader-stderr] o.s.boot.docker.compose.core.DockerCli   :  ffebb35d2904 Downloading [======================================>            ]  83.97MB/109MB
2024-06-13T14:58:42.591+07:00  INFO 19972 --- [utReader-stderr] o.s.boot.docker.compose.core.DockerCli   :  ffebb35d2904 Downloading [======================================>            ]  84.52MB/109MB
2024-06-13T14:58:42.754+07:00  INFO 19972 --- [utReader-stderr] o.s.boot.docker.compose.core.DockerCli   :  ffebb35d2904 Downloading [=======================================>           ]  85.06MB/109MB
2024-06-13T14:58:42.854+07:00  INFO 19972 --- [utReader-stderr] o.s.boot.docker.compose.core.DockerCli   :  ffebb35d2904 Downloading [=======================================>           ]  85.58MB/109MB
2024-06-13T14:58:42.959+07:00  INFO 19972 --- [utReader-stderr] o.s.boot.docker.compose.core.DockerCli   :  ffebb35d2904 Downloading [=======================================>           ]  86.12MB/109MB
2024-06-13T14:58:43.074+07:00  INFO 19972 --- [utReader-stderr] o.s.boot.docker.compose.core.DockerCli   :  ffebb35d2904 Downloading [=======================================>           ]  86.67MB/109MB
2024-06-13T14:58:43.279+07:00  INFO 19972 --- [utReader-stderr] o.s.boot.docker.compose.core.DockerCli   :  ffebb35d2904 Downloading [========================================>          ]  87.73MB/109MB
2024-06-13T14:58:43.463+07:00  INFO 19972 --- [utReader-stderr] o.s.boot.docker.compose.core.DockerCli   :  ffebb35d2904 Downloading [========================================>          ]  88.81MB/109MB
2024-06-13T14:58:43.661+07:00  INFO 19972 --- [utReader-stderr] o.s.boot.docker.compose.core.DockerCli   :  ffebb35d2904 Downloading [=========================================>         ]  89.88MB/109MB
2024-06-13T14:58:43.765+07:00  INFO 19972 --- [utReader-stderr] o.s.boot.docker.compose.core.DockerCli   :  ffebb35d2904 Downloading [=========================================>         ]  90.42MB/109MB
2024-06-13T14:58:44.133+07:00  INFO 19972 --- [utReader-stderr] o.s.boot.docker.compose.core.DockerCli   :  ffebb35d2904 Downloading [=========================================>         ]  90.96MB/109MB
2024-06-13T14:58:44.295+07:00  INFO 19972 --- [utReader-stderr] o.s.boot.docker.compose.core.DockerCli   :  ffebb35d2904 Downloading [==========================================>        ]  92.57MB/109MB
2024-06-13T14:58:44.511+07:00  INFO 19972 --- [utReader-stderr] o.s.boot.docker.compose.core.DockerCli   :  ffebb35d2904 Downloading [==========================================>        ]  93.65MB/109MB
2024-06-13T14:58:44.632+07:00  INFO 19972 --- [utReader-stderr] o.s.boot.docker.compose.core.DockerCli   :  ffebb35d2904 Downloading [===========================================>       ]  94.18MB/109MB
2024-06-13T14:58:44.736+07:00  INFO 19972 --- [utReader-stderr] o.s.boot.docker.compose.core.DockerCli   :  ffebb35d2904 Downloading [===========================================>       ]  94.72MB/109MB
2024-06-13T14:58:44.846+07:00  INFO 19972 --- [utReader-stderr] o.s.boot.docker.compose.core.DockerCli   :  ffebb35d2904 Downloading [===========================================>       ]  95.25MB/109MB
2024-06-13T14:58:44.946+07:00  INFO 19972 --- [utReader-stderr] o.s.boot.docker.compose.core.DockerCli   :  ffebb35d2904 Downloading [===========================================>       ]  95.79MB/109MB
2024-06-13T14:58:45.047+07:00  INFO 19972 --- [utReader-stderr] o.s.boot.docker.compose.core.DockerCli   :  ffebb35d2904 Downloading [============================================>      ]  96.33MB/109MB
2024-06-13T14:58:45.307+07:00  INFO 19972 --- [utReader-stderr] o.s.boot.docker.compose.core.DockerCli   :  ffebb35d2904 Downloading [============================================>      ]  97.38MB/109MB
2024-06-13T14:58:45.414+07:00  INFO 19972 --- [utReader-stderr] o.s.boot.docker.compose.core.DockerCli   :  ffebb35d2904 Downloading [============================================>      ]  97.92MB/109MB
2024-06-13T14:58:45.649+07:00  INFO 19972 --- [utReader-stderr] o.s.boot.docker.compose.core.DockerCli   :  ffebb35d2904 Downloading [=============================================>     ]     99MB/109MB
2024-06-13T14:58:45.815+07:00  INFO 19972 --- [utReader-stderr] o.s.boot.docker.compose.core.DockerCli   :  ffebb35d2904 Downloading [=============================================>     ]  99.54MB/109MB
2024-06-13T14:58:45.945+07:00  INFO 19972 --- [utReader-stderr] o.s.boot.docker.compose.core.DockerCli   :  ffebb35d2904 Downloading [=============================================>     ]  100.1MB/109MB
2024-06-13T14:58:46.059+07:00  INFO 19972 --- [utReader-stderr] o.s.boot.docker.compose.core.DockerCli   :  ffebb35d2904 Downloading [==============================================>    ]  100.6MB/109MB
2024-06-13T14:58:46.178+07:00  INFO 19972 --- [utReader-stderr] o.s.boot.docker.compose.core.DockerCli   :  ffebb35d2904 Downloading [==============================================>    ]  101.2MB/109MB
2024-06-13T14:58:46.444+07:00  INFO 19972 --- [utReader-stderr] o.s.boot.docker.compose.core.DockerCli   :  ffebb35d2904 Downloading [==============================================>    ]  102.2MB/109MB
2024-06-13T14:58:46.547+07:00  INFO 19972 --- [utReader-stderr] o.s.boot.docker.compose.core.DockerCli   :  ffebb35d2904 Downloading [===============================================>   ]  102.8MB/109MB
2024-06-13T14:58:46.648+07:00  INFO 19972 --- [utReader-stderr] o.s.boot.docker.compose.core.DockerCli   :  ffebb35d2904 Downloading [===============================================>   ]  103.3MB/109MB
2024-06-13T14:58:46.749+07:00  INFO 19972 --- [utReader-stderr] o.s.boot.docker.compose.core.DockerCli   :  ffebb35d2904 Downloading [===============================================>   ]  103.8MB/109MB
2024-06-13T14:58:46.861+07:00  INFO 19972 --- [utReader-stderr] o.s.boot.docker.compose.core.DockerCli   :  ffebb35d2904 Downloading [===============================================>   ]  104.4MB/109MB
2024-06-13T14:58:46.997+07:00  INFO 19972 --- [utReader-stderr] o.s.boot.docker.compose.core.DockerCli   :  ffebb35d2904 Downloading [================================================>  ]  104.9MB/109MB
2024-06-13T14:58:47.117+07:00  INFO 19972 --- [utReader-stderr] o.s.boot.docker.compose.core.DockerCli   :  ffebb35d2904 Downloading [================================================>  ]  105.5MB/109MB
2024-06-13T14:58:47.227+07:00  INFO 19972 --- [utReader-stderr] o.s.boot.docker.compose.core.DockerCli   :  ffebb35d2904 Downloading [================================================>  ]    106MB/109MB
2024-06-13T14:58:47.330+07:00  INFO 19972 --- [utReader-stderr] o.s.boot.docker.compose.core.DockerCli   :  ffebb35d2904 Downloading [================================================>  ]  106.5MB/109MB
2024-06-13T14:58:47.495+07:00  INFO 19972 --- [utReader-stderr] o.s.boot.docker.compose.core.DockerCli   :  ffebb35d2904 Downloading [=================================================> ]  107.6MB/109MB
2024-06-13T14:58:47.694+07:00  INFO 19972 --- [utReader-stderr] o.s.boot.docker.compose.core.DockerCli   :  ffebb35d2904 Downloading [=================================================> ]  108.7MB/109MB
2024-06-13T14:58:47.757+07:00  INFO 19972 --- [utReader-stderr] o.s.boot.docker.compose.core.DockerCli   :  ffebb35d2904 Download complete 
2024-06-13T14:58:47.827+07:00  INFO 19972 --- [utReader-stderr] o.s.boot.docker.compose.core.DockerCli   :  ffebb35d2904 Extracting [>                                                  ]  557.1kB/109MB
2024-06-13T14:58:47.933+07:00  INFO 19972 --- [utReader-stderr] o.s.boot.docker.compose.core.DockerCli   :  ffebb35d2904 Extracting [==>                                                ]  5.571MB/109MB
2024-06-13T14:58:48.057+07:00  INFO 19972 --- [utReader-stderr] o.s.boot.docker.compose.core.DockerCli   :  ffebb35d2904 Extracting [===>                                               ]  8.356MB/109MB
2024-06-13T14:58:48.161+07:00  INFO 19972 --- [utReader-stderr] o.s.boot.docker.compose.core.DockerCli   :  ffebb35d2904 Extracting [=====>                                             ]  11.14MB/109MB
2024-06-13T14:58:48.263+07:00  INFO 19972 --- [utReader-stderr] o.s.boot.docker.compose.core.DockerCli   :  ffebb35d2904 Extracting [======>                                            ]  14.48MB/109MB
2024-06-13T14:58:48.364+07:00  INFO 19972 --- [utReader-stderr] o.s.boot.docker.compose.core.DockerCli   :  ffebb35d2904 Extracting [=======>                                           ]  17.27MB/109MB
2024-06-13T14:58:48.474+07:00  INFO 19972 --- [utReader-stderr] o.s.boot.docker.compose.core.DockerCli   :  ffebb35d2904 Extracting [=========>                                         ]  21.73MB/109MB
2024-06-13T14:58:48.577+07:00  INFO 19972 --- [utReader-stderr] o.s.boot.docker.compose.core.DockerCli   :  ffebb35d2904 Extracting [===========>                                       ]  24.51MB/109MB
2024-06-13T14:58:48.679+07:00  INFO 19972 --- [utReader-stderr] o.s.boot.docker.compose.core.DockerCli   :  ffebb35d2904 Extracting [============>                                      ]   27.3MB/109MB
2024-06-13T14:58:48.783+07:00  INFO 19972 --- [utReader-stderr] o.s.boot.docker.compose.core.DockerCli   :  ffebb35d2904 Extracting [===============>                                   ]  33.42MB/109MB
2024-06-13T14:58:48.892+07:00  INFO 19972 --- [utReader-stderr] o.s.boot.docker.compose.core.DockerCli   :  ffebb35d2904 Extracting [==================>                                ]  39.55MB/109MB
2024-06-13T14:58:48.993+07:00  INFO 19972 --- [utReader-stderr] o.s.boot.docker.compose.core.DockerCli   :  ffebb35d2904 Extracting [====================>                              ]  45.12MB/109MB
2024-06-13T14:58:49.102+07:00  INFO 19972 --- [utReader-stderr] o.s.boot.docker.compose.core.DockerCli   :  ffebb35d2904 Extracting [=======================>                           ]  50.69MB/109MB
2024-06-13T14:58:49.210+07:00  INFO 19972 --- [utReader-stderr] o.s.boot.docker.compose.core.DockerCli   :  ffebb35d2904 Extracting [========================>                          ]  52.36MB/109MB
2024-06-13T14:58:49.316+07:00  INFO 19972 --- [utReader-stderr] o.s.boot.docker.compose.core.DockerCli   :  ffebb35d2904 Extracting [=========================>                         ]  54.59MB/109MB
2024-06-13T14:58:49.430+07:00  INFO 19972 --- [utReader-stderr] o.s.boot.docker.compose.core.DockerCli   :  ffebb35d2904 Extracting [==========================>                        ]  57.38MB/109MB
2024-06-13T14:58:49.531+07:00  INFO 19972 --- [utReader-stderr] o.s.boot.docker.compose.core.DockerCli   :  ffebb35d2904 Extracting [===========================>                       ]  60.16MB/109MB
2024-06-13T14:58:49.637+07:00  INFO 19972 --- [utReader-stderr] o.s.boot.docker.compose.core.DockerCli   :  ffebb35d2904 Extracting [==============================>                    ]  66.29MB/109MB
2024-06-13T14:58:49.744+07:00  INFO 19972 --- [utReader-stderr] o.s.boot.docker.compose.core.DockerCli   :  ffebb35d2904 Extracting [================================>                  ]  71.86MB/109MB
2024-06-13T14:58:49.848+07:00  INFO 19972 --- [utReader-stderr] o.s.boot.docker.compose.core.DockerCli   :  ffebb35d2904 Extracting [===================================>               ]  76.32MB/109MB
2024-06-13T14:58:49.952+07:00  INFO 19972 --- [utReader-stderr] o.s.boot.docker.compose.core.DockerCli   :  ffebb35d2904 Extracting [=====================================>             ]  80.77MB/109MB
2024-06-13T14:58:50.056+07:00  INFO 19972 --- [utReader-stderr] o.s.boot.docker.compose.core.DockerCli   :  ffebb35d2904 Extracting [=======================================>           ]  85.23MB/109MB
2024-06-13T14:58:50.170+07:00  INFO 19972 --- [utReader-stderr] o.s.boot.docker.compose.core.DockerCli   :  ffebb35d2904 Extracting [=========================================>         ]  89.69MB/109MB
2024-06-13T14:58:50.290+07:00  INFO 19972 --- [utReader-stderr] o.s.boot.docker.compose.core.DockerCli   :  ffebb35d2904 Extracting [==========================================>        ]  91.91MB/109MB
2024-06-13T14:58:50.424+07:00  INFO 19972 --- [utReader-stderr] o.s.boot.docker.compose.core.DockerCli   :  ffebb35d2904 Extracting [==========================================>        ]  93.03MB/109MB
2024-06-13T14:58:50.544+07:00  INFO 19972 --- [utReader-stderr] o.s.boot.docker.compose.core.DockerCli   :  ffebb35d2904 Extracting [===========================================>       ]   94.7MB/109MB
2024-06-13T14:58:50.659+07:00  INFO 19972 --- [utReader-stderr] o.s.boot.docker.compose.core.DockerCli   :  ffebb35d2904 Extracting [============================================>      ]  96.37MB/109MB
2024-06-13T14:58:50.770+07:00  INFO 19972 --- [utReader-stderr] o.s.boot.docker.compose.core.DockerCli   :  ffebb35d2904 Extracting [============================================>      ]  96.93MB/109MB
2024-06-13T14:58:50.885+07:00  INFO 19972 --- [utReader-stderr] o.s.boot.docker.compose.core.DockerCli   :  ffebb35d2904 Extracting [============================================>      ]  98.04MB/109MB
2024-06-13T14:58:51.005+07:00  INFO 19972 --- [utReader-stderr] o.s.boot.docker.compose.core.DockerCli   :  ffebb35d2904 Extracting [=============================================>     ]  99.71MB/109MB
2024-06-13T14:58:51.141+07:00  INFO 19972 --- [utReader-stderr] o.s.boot.docker.compose.core.DockerCli   :  ffebb35d2904 Extracting [==============================================>    ]  101.4MB/109MB
2024-06-13T14:58:51.260+07:00  INFO 19972 --- [utReader-stderr] o.s.boot.docker.compose.core.DockerCli   :  ffebb35d2904 Extracting [===============================================>   ]  103.1MB/109MB
2024-06-13T14:58:51.402+07:00  INFO 19972 --- [utReader-stderr] o.s.boot.docker.compose.core.DockerCli   :  ffebb35d2904 Extracting [===============================================>   ]  103.6MB/109MB
2024-06-13T14:58:51.563+07:00  INFO 19972 --- [utReader-stderr] o.s.boot.docker.compose.core.DockerCli   :  ffebb35d2904 Extracting [================================================>  ]  104.7MB/109MB
2024-06-13T14:58:51.681+07:00  INFO 19972 --- [utReader-stderr] o.s.boot.docker.compose.core.DockerCli   :  ffebb35d2904 Extracting [================================================>  ]  105.3MB/109MB
2024-06-13T14:58:51.803+07:00  INFO 19972 --- [utReader-stderr] o.s.boot.docker.compose.core.DockerCli   :  ffebb35d2904 Extracting [================================================>  ]  105.8MB/109MB
2024-06-13T14:58:51.905+07:00  INFO 19972 --- [utReader-stderr] o.s.boot.docker.compose.core.DockerCli   :  ffebb35d2904 Extracting [=================================================> ]    107MB/109MB
2024-06-13T14:58:52.350+07:00  INFO 19972 --- [utReader-stderr] o.s.boot.docker.compose.core.DockerCli   :  ffebb35d2904 Extracting [=================================================> ]  107.5MB/109MB
2024-06-13T14:58:52.460+07:00  INFO 19972 --- [utReader-stderr] o.s.boot.docker.compose.core.DockerCli   :  ffebb35d2904 Extracting [=================================================> ]  108.1MB/109MB
2024-06-13T14:58:52.573+07:00  INFO 19972 --- [utReader-stderr] o.s.boot.docker.compose.core.DockerCli   :  ffebb35d2904 Extracting [=================================================> ]  108.6MB/109MB
2024-06-13T14:58:52.625+07:00  INFO 19972 --- [utReader-stderr] o.s.boot.docker.compose.core.DockerCli   :  ffebb35d2904 Extracting [==================================================>]    109MB/109MB
2024-06-13T14:58:52.694+07:00  INFO 19972 --- [utReader-stderr] o.s.boot.docker.compose.core.DockerCli   :  ffebb35d2904 Pull complete 
2024-06-13T14:58:52.701+07:00  INFO 19972 --- [utReader-stderr] o.s.boot.docker.compose.core.DockerCli   :  293f0bec643a Extracting [==================================================>]  9.912kB/9.912kB
2024-06-13T14:58:52.704+07:00  INFO 19972 --- [utReader-stderr] o.s.boot.docker.compose.core.DockerCli   :  293f0bec643a Extracting [==================================================>]  9.912kB/9.912kB
2024-06-13T14:58:52.741+07:00  INFO 19972 --- [utReader-stderr] o.s.boot.docker.compose.core.DockerCli   :  293f0bec643a Pull complete 
2024-06-13T14:58:52.747+07:00  INFO 19972 --- [utReader-stderr] o.s.boot.docker.compose.core.DockerCli   :  1655a257a5b5 Extracting [==================================================>]     127B/127B
2024-06-13T14:58:52.752+07:00  INFO 19972 --- [utReader-stderr] o.s.boot.docker.compose.core.DockerCli   :  1655a257a5b5 Extracting [==================================================>]     127B/127B
2024-06-13T14:58:52.798+07:00  INFO 19972 --- [utReader-stderr] o.s.boot.docker.compose.core.DockerCli   :  1655a257a5b5 Pull complete 
2024-06-13T14:58:52.806+07:00  INFO 19972 --- [utReader-stderr] o.s.boot.docker.compose.core.DockerCli   :  4ddba458499d Extracting [==================================================>]     168B/168B
2024-06-13T14:58:52.809+07:00  INFO 19972 --- [utReader-stderr] o.s.boot.docker.compose.core.DockerCli   :  4ddba458499d Extracting [==================================================>]     168B/168B
2024-06-13T14:58:52.838+07:00  INFO 19972 --- [utReader-stderr] o.s.boot.docker.compose.core.DockerCli   :  4ddba458499d Pull complete 
2024-06-13T14:58:52.846+07:00  INFO 19972 --- [utReader-stderr] o.s.boot.docker.compose.core.DockerCli   :  90e48ae03559 Extracting [==================================================>]  5.415kB/5.415kB
2024-06-13T14:58:52.849+07:00  INFO 19972 --- [utReader-stderr] o.s.boot.docker.compose.core.DockerCli   :  90e48ae03559 Extracting [==================================================>]  5.415kB/5.415kB
2024-06-13T14:58:52.878+07:00  INFO 19972 --- [utReader-stderr] o.s.boot.docker.compose.core.DockerCli   :  90e48ae03559 Pull complete 
2024-06-13T14:58:52.884+07:00  INFO 19972 --- [utReader-stderr] o.s.boot.docker.compose.core.DockerCli   :  822c1a513e6a Extracting [==================================================>]     182B/182B
2024-06-13T14:58:52.888+07:00  INFO 19972 --- [utReader-stderr] o.s.boot.docker.compose.core.DockerCli   :  822c1a513e6a Extracting [==================================================>]     182B/182B
2024-06-13T14:58:52.922+07:00  INFO 19972 --- [utReader-stderr] o.s.boot.docker.compose.core.DockerCli   :  822c1a513e6a Pull complete 
2024-06-13T14:58:52.952+07:00  INFO 19972 --- [utReader-stderr] o.s.boot.docker.compose.core.DockerCli   :  postgres Pulled 
2024-06-13T14:58:52.968+07:00  INFO 19972 --- [utReader-stderr] o.s.boot.docker.compose.core.DockerCli   :  Network springpetclinicdocker_default  Creating
2024-06-13T14:58:53.137+07:00  INFO 19972 --- [utReader-stderr] o.s.boot.docker.compose.core.DockerCli   :  Network springpetclinicdocker_default  Created
2024-06-13T14:58:53.138+07:00  INFO 19972 --- [utReader-stderr] o.s.boot.docker.compose.core.DockerCli   :  Container springpetclinicdocker-postgres-1  Creating
2024-06-13T14:58:53.470+07:00  INFO 19972 --- [utReader-stderr] o.s.boot.docker.compose.core.DockerCli   :  Container springpetclinicdocker-postgres-1  Created
2024-06-13T14:58:53.476+07:00  INFO 19972 --- [utReader-stderr] o.s.boot.docker.compose.core.DockerCli   :  Container springpetclinicdocker-postgres-1  Starting
2024-06-13T14:58:53.817+07:00  INFO 19972 --- [utReader-stderr] o.s.boot.docker.compose.core.DockerCli   :  Container springpetclinicdocker-postgres-1  Started
2024-06-13T14:58:53.817+07:00  INFO 19972 --- [utReader-stderr] o.s.boot.docker.compose.core.DockerCli   :  Container springpetclinicdocker-postgres-1  Waiting
2024-06-13T14:58:54.331+07:00  INFO 19972 --- [utReader-stderr] o.s.boot.docker.compose.core.DockerCli   :  Container springpetclinicdocker-postgres-1  Healthy
2024-06-13T14:58:56.621+07:00  INFO 19972 --- [           main] .s.d.r.c.RepositoryConfigurationDelegate : Bootstrapping Spring Data JPA repositories in DEFAULT mode.
2024-06-13T14:58:56.642+07:00  INFO 19972 --- [           main] .s.d.r.c.RepositoryConfigurationDelegate : Finished Spring Data repository scanning in 20 ms. Found 2 JPA repository interfaces.
2024-06-13T14:58:56.974+07:00  INFO 19972 --- [           main] o.s.b.w.embedded.tomcat.TomcatWebServer  : Tomcat initialized with port 0 (http)
2024-06-13T14:58:56.976+07:00  INFO 19972 --- [           main] o.apache.catalina.core.StandardService   : Starting service [Tomcat]
2024-06-13T14:58:56.977+07:00  INFO 19972 --- [           main] o.apache.catalina.core.StandardEngine    : Starting Servlet engine: [Apache Tomcat/10.1.24]
2024-06-13T14:58:57.038+07:00  INFO 19972 --- [           main] o.a.c.c.C.[Tomcat-2].[localhost].[/]     : Initializing Spring embedded WebApplicationContext
2024-06-13T14:58:57.038+07:00  INFO 19972 --- [           main] w.s.c.ServletWebServerApplicationContext : Root WebApplicationContext: initialization completed in 926 ms
2024-06-13T14:58:57.260+07:00  INFO 19972 --- [           main] com.zaxxer.hikari.HikariDataSource       : HikariPool-3 - Starting...
2024-06-13T14:58:57.720+07:00  INFO 19972 --- [           main] com.zaxxer.hikari.pool.HikariPool        : HikariPool-3 - Added connection org.postgresql.jdbc.PgConnection@7f747e9a
2024-06-13T14:58:57.721+07:00  INFO 19972 --- [           main] com.zaxxer.hikari.HikariDataSource       : HikariPool-3 - Start completed.
2024-06-13T14:58:58.247+07:00  INFO 19972 --- [           main] o.hibernate.jpa.internal.util.LogHelper  : HHH000204: Processing PersistenceUnitInfo [name: default]
2024-06-13T14:58:58.253+07:00  INFO 19972 --- [           main] o.h.c.internal.RegionFactoryInitiator    : HHH000026: Second-level cache disabled
2024-06-13T14:58:58.272+07:00  INFO 19972 --- [           main] o.s.o.j.p.SpringPersistenceUnitInfo      : No LoadTimeWeaver setup: ignoring JPA class transformer
2024-06-13T14:58:58.777+07:00  INFO 19972 --- [           main] o.h.e.t.j.p.i.JtaPlatformInitiator       : HHH000489: No JTA platform available (set 'hibernate.transaction.jta.platform' to enable JTA platform integration)
2024-06-13T14:58:58.779+07:00  INFO 19972 --- [           main] j.LocalContainerEntityManagerFactoryBean : Initialized JPA EntityManagerFactory for persistence unit 'default'
2024-06-13T14:58:59.874+07:00  INFO 19972 --- [           main] o.s.b.a.e.web.EndpointLinksResolver      : Exposing 14 endpoints beneath base path '/actuator'
2024-06-13T14:58:59.913+07:00  INFO 19972 --- [           main] o.s.b.w.embedded.tomcat.TomcatWebServer  : Tomcat started on port 51267 (http) with context path '/'
2024-06-13T14:58:59.927+07:00  INFO 19972 --- [           main] o.s.s.p.PostgresIntegrationTests         : Started PostgresIntegrationTests in 52.659 seconds (process running for 172.881)
]]></system-out>
  </testcase>
  <testcase name="testOwnerDetails" classname="org.springframework.samples.petclinic.PostgresIntegrationTests" time="0.126">
    <system-out><![CDATA[2024-06-13T14:58:59.993+07:00  INFO 19972 --- [o-auto-3-exec-1] o.a.c.c.C.[Tomcat-2].[localhost].[/]     : Initializing Spring DispatcherServlet 'dispatcherServlet'
2024-06-13T14:58:59.993+07:00  INFO 19972 --- [o-auto-3-exec-1] o.s.web.servlet.DispatcherServlet        : Initializing Servlet 'dispatcherServlet'
2024-06-13T14:58:59.994+07:00  INFO 19972 --- [o-auto-3-exec-1] o.s.web.servlet.DispatcherServlet        : Completed initialization in 1 ms
]]></system-out>
  </testcase>
</testsuite>